[debug] [2024-03-31T19:26:59.069Z] ----------------------------------------------------------------------
[debug] [2024-03-31T19:26:59.078Z] Command:       C:\Program Files\nodejs\node.exe C:\Users\Shari Nguyen\AppData\Roaming\npm\node_modules\firebase-tools\lib\bin\firebase.js deploy --only functions --debug
[debug] [2024-03-31T19:26:59.079Z] CLI Version:   13.6.0
[debug] [2024-03-31T19:26:59.080Z] Platform:      win32
[debug] [2024-03-31T19:26:59.081Z] Node Version:  v21.6.2
[debug] [2024-03-31T19:26:59.081Z] Time:          Sun Mar 31 2024 12:26:59 GMT-0700 (Pacific Daylight Time)
[debug] [2024-03-31T19:26:59.082Z] ----------------------------------------------------------------------
[debug] 
[debug] [2024-03-31T19:26:59.249Z] > command requires scopes: ["email","openid","https://www.googleapis.com/auth/cloudplatformprojects.readonly","https://www.googleapis.com/auth/firebase","https://www.googleapis.com/auth/cloud-platform"]
[debug] [2024-03-31T19:26:59.251Z] > authorizing via signed-in user (sharinguyening@gmail.com)
[debug] [2024-03-31T19:26:59.252Z] [iam] checking project csc190-w for permissions ["cloudfunctions.functions.create","cloudfunctions.functions.delete","cloudfunctions.functions.get","cloudfunctions.functions.list","cloudfunctions.functions.update","cloudfunctions.operations.get","firebase.projects.get"]
[debug] [2024-03-31T19:26:59.254Z] > refreshing access token with scopes: []
[debug] [2024-03-31T19:26:59.257Z] >>> [apiv2][query] POST https://www.googleapis.com/oauth2/v3/token [none]
[debug] [2024-03-31T19:26:59.258Z] >>> [apiv2][body] POST https://www.googleapis.com/oauth2/v3/token [omitted]
[debug] [2024-03-31T19:26:59.553Z] <<< [apiv2][status] POST https://www.googleapis.com/oauth2/v3/token 200
[debug] [2024-03-31T19:26:59.554Z] <<< [apiv2][body] POST https://www.googleapis.com/oauth2/v3/token [omitted]
[debug] [2024-03-31T19:26:59.599Z] >>> [apiv2][query] POST https://cloudresourcemanager.googleapis.com/v1/projects/csc190-w:testIamPermissions [none]
[debug] [2024-03-31T19:26:59.600Z] >>> [apiv2][(partial)header] POST https://cloudresourcemanager.googleapis.com/v1/projects/csc190-w:testIamPermissions x-goog-quota-user=projects/csc190-w
[debug] [2024-03-31T19:26:59.601Z] >>> [apiv2][body] POST https://cloudresourcemanager.googleapis.com/v1/projects/csc190-w:testIamPermissions {"permissions":["cloudfunctions.functions.create","cloudfunctions.functions.delete","cloudfunctions.functions.get","cloudfunctions.functions.list","cloudfunctions.functions.update","cloudfunctions.operations.get","firebase.projects.get"]}
[debug] [2024-03-31T19:26:59.895Z] <<< [apiv2][status] POST https://cloudresourcemanager.googleapis.com/v1/projects/csc190-w:testIamPermissions 200
[debug] [2024-03-31T19:26:59.896Z] <<< [apiv2][body] POST https://cloudresourcemanager.googleapis.com/v1/projects/csc190-w:testIamPermissions {"permissions":["cloudfunctions.functions.create","cloudfunctions.functions.delete","cloudfunctions.functions.get","cloudfunctions.functions.list","cloudfunctions.functions.update","cloudfunctions.operations.get","firebase.projects.get"]}
[debug] [2024-03-31T19:26:59.898Z] >>> [apiv2][query] POST https://iam.googleapis.com/v1/projects/csc190-w/serviceAccounts/csc190-w@appspot.gserviceaccount.com:testIamPermissions [none]
[debug] [2024-03-31T19:26:59.898Z] >>> [apiv2][body] POST https://iam.googleapis.com/v1/projects/csc190-w/serviceAccounts/csc190-w@appspot.gserviceaccount.com:testIamPermissions {"permissions":["iam.serviceAccounts.actAs"]}
[debug] [2024-03-31T19:27:00.116Z] <<< [apiv2][status] POST https://iam.googleapis.com/v1/projects/csc190-w/serviceAccounts/csc190-w@appspot.gserviceaccount.com:testIamPermissions 200
[debug] [2024-03-31T19:27:00.117Z] <<< [apiv2][body] POST https://iam.googleapis.com/v1/projects/csc190-w/serviceAccounts/csc190-w@appspot.gserviceaccount.com:testIamPermissions {"permissions":["iam.serviceAccounts.actAs"]}
[info] 
[info] === Deploying to 'csc190-w'...
[info] 
[info] i  deploying functions 
[debug] [2024-03-31T19:27:00.121Z] >>> [apiv2][query] GET https://firebase.googleapis.com/v1beta1/projects/csc190-w [none]
[debug] [2024-03-31T19:27:00.390Z] <<< [apiv2][status] GET https://firebase.googleapis.com/v1beta1/projects/csc190-w 200
[debug] [2024-03-31T19:27:00.391Z] <<< [apiv2][body] GET https://firebase.googleapis.com/v1beta1/projects/csc190-w {"projectId":"csc190-w","projectNumber":"59153071763","displayName":"CSC190-Website","name":"projects/csc190-w","resources":{"hostingSite":"csc190-w","realtimeDatabaseInstance":"csc190-w-default-rtdb"},"state":"ACTIVE","etag":"1_8d1e015f-ef1c-49ae-9813-fb44ffaeff77"}
[info] i  functions: preparing codebase default for deployment 
[info] i  functions: ensuring required API cloudfunctions.googleapis.com is enabled... 
[info] i  functions: ensuring required API cloudbuild.googleapis.com is enabled... 
[info] i  artifactregistry: ensuring required API artifactregistry.googleapis.com is enabled... 
[debug] [2024-03-31T19:27:00.402Z] >>> [apiv2][query] GET https://serviceusage.googleapis.com/v1/projects/csc190-w/services/cloudfunctions.googleapis.com [none]
[debug] [2024-03-31T19:27:00.402Z] >>> [apiv2][(partial)header] GET https://serviceusage.googleapis.com/v1/projects/csc190-w/services/cloudfunctions.googleapis.com x-goog-quota-user=projects/csc190-w
[debug] [2024-03-31T19:27:00.407Z] >>> [apiv2][query] GET https://serviceusage.googleapis.com/v1/projects/csc190-w/services/runtimeconfig.googleapis.com [none]
[debug] [2024-03-31T19:27:00.408Z] >>> [apiv2][(partial)header] GET https://serviceusage.googleapis.com/v1/projects/csc190-w/services/runtimeconfig.googleapis.com x-goog-quota-user=projects/csc190-w
[debug] [2024-03-31T19:27:00.411Z] >>> [apiv2][query] GET https://serviceusage.googleapis.com/v1/projects/csc190-w/services/cloudbuild.googleapis.com [none]
[debug] [2024-03-31T19:27:00.412Z] >>> [apiv2][(partial)header] GET https://serviceusage.googleapis.com/v1/projects/csc190-w/services/cloudbuild.googleapis.com x-goog-quota-user=projects/csc190-w
[debug] [2024-03-31T19:27:00.417Z] >>> [apiv2][query] GET https://serviceusage.googleapis.com/v1/projects/csc190-w/services/artifactregistry.googleapis.com [none]
[debug] [2024-03-31T19:27:00.418Z] >>> [apiv2][(partial)header] GET https://serviceusage.googleapis.com/v1/projects/csc190-w/services/artifactregistry.googleapis.com x-goog-quota-user=projects/csc190-w
[debug] [2024-03-31T19:27:00.973Z] <<< [apiv2][status] GET https://serviceusage.googleapis.com/v1/projects/csc190-w/services/runtimeconfig.googleapis.com 200
[debug] [2024-03-31T19:27:00.975Z] <<< [apiv2][body] GET https://serviceusage.googleapis.com/v1/projects/csc190-w/services/runtimeconfig.googleapis.com [omitted]
[debug] [2024-03-31T19:27:00.994Z] <<< [apiv2][status] GET https://serviceusage.googleapis.com/v1/projects/csc190-w/services/cloudfunctions.googleapis.com 200
[debug] [2024-03-31T19:27:00.996Z] <<< [apiv2][body] GET https://serviceusage.googleapis.com/v1/projects/csc190-w/services/cloudfunctions.googleapis.com [omitted]
[info] +  functions: required API cloudfunctions.googleapis.com is enabled 
[debug] [2024-03-31T19:27:01.001Z] <<< [apiv2][status] GET https://serviceusage.googleapis.com/v1/projects/csc190-w/services/cloudbuild.googleapis.com 200
[debug] [2024-03-31T19:27:01.002Z] <<< [apiv2][body] GET https://serviceusage.googleapis.com/v1/projects/csc190-w/services/cloudbuild.googleapis.com [omitted]
[info] +  functions: required API cloudbuild.googleapis.com is enabled 
[debug] [2024-03-31T19:27:01.010Z] <<< [apiv2][status] GET https://serviceusage.googleapis.com/v1/projects/csc190-w/services/artifactregistry.googleapis.com 200
[debug] [2024-03-31T19:27:01.011Z] <<< [apiv2][body] GET https://serviceusage.googleapis.com/v1/projects/csc190-w/services/artifactregistry.googleapis.com [omitted]
[info] +  artifactregistry: required API artifactregistry.googleapis.com is enabled 
[debug] [2024-03-31T19:27:01.014Z] >>> [apiv2][query] GET https://firebase.googleapis.com/v1beta1/projects/csc190-w/adminSdkConfig [none]
[debug] [2024-03-31T19:27:01.357Z] <<< [apiv2][status] GET https://firebase.googleapis.com/v1beta1/projects/csc190-w/adminSdkConfig 200
[debug] [2024-03-31T19:27:01.358Z] <<< [apiv2][body] GET https://firebase.googleapis.com/v1beta1/projects/csc190-w/adminSdkConfig {"projectId":"csc190-w","databaseURL":"https://csc190-w-default-rtdb.firebaseio.com","storageBucket":"csc190-w.appspot.com"}
[debug] [2024-03-31T19:27:01.361Z] >>> [apiv2][query] GET https://runtimeconfig.googleapis.com/v1beta1/projects/csc190-w/configs [none]
[debug] [2024-03-31T19:27:01.627Z] <<< [apiv2][status] GET https://runtimeconfig.googleapis.com/v1beta1/projects/csc190-w/configs 200
[debug] [2024-03-31T19:27:01.630Z] <<< [apiv2][body] GET https://runtimeconfig.googleapis.com/v1beta1/projects/csc190-w/configs {"configs":[{"name":"projects/csc190-w/configs/mailjet"},{"name":"projects/csc190-w/configs/stripe"}]}
[debug] [2024-03-31T19:27:01.634Z] >>> [apiv2][query] GET https://runtimeconfig.googleapis.com/v1beta1/projects/csc190-w/configs/mailjet/variables [none]
[debug] [2024-03-31T19:27:01.638Z] >>> [apiv2][query] GET https://runtimeconfig.googleapis.com/v1beta1/projects/csc190-w/configs/stripe/variables [none]
[debug] [2024-03-31T19:27:01.803Z] <<< [apiv2][status] GET https://runtimeconfig.googleapis.com/v1beta1/projects/csc190-w/configs/mailjet/variables 200
[debug] [2024-03-31T19:27:01.804Z] <<< [apiv2][body] GET https://runtimeconfig.googleapis.com/v1beta1/projects/csc190-w/configs/mailjet/variables {"variables":[{"name":"projects/csc190-w/configs/mailjet/variables/secretkey","updateTime":"2024-03-29T07:14:04.044007098Z"},{"name":"projects/csc190-w/configs/mailjet/variables/apikey","updateTime":"2024-03-29T07:14:03.231914245Z"}]}
[debug] [2024-03-31T19:27:01.806Z] >>> [apiv2][query] GET https://runtimeconfig.googleapis.com/v1beta1/projects/csc190-w/configs/mailjet/variables/secretkey [none]
[debug] [2024-03-31T19:27:01.808Z] >>> [apiv2][query] GET https://runtimeconfig.googleapis.com/v1beta1/projects/csc190-w/configs/mailjet/variables/apikey [none]
[debug] [2024-03-31T19:27:01.869Z] <<< [apiv2][status] GET https://runtimeconfig.googleapis.com/v1beta1/projects/csc190-w/configs/stripe/variables 200
[debug] [2024-03-31T19:27:01.870Z] <<< [apiv2][body] GET https://runtimeconfig.googleapis.com/v1beta1/projects/csc190-w/configs/stripe/variables {"variables":[{"name":"projects/csc190-w/configs/stripe/variables/webhook_secret","updateTime":"2024-02-25T11:02:13.717823664Z"},{"name":"projects/csc190-w/configs/stripe/variables/secret_key","updateTime":"2024-02-08T09:00:13.291199666Z"}]}
[debug] [2024-03-31T19:27:01.871Z] >>> [apiv2][query] GET https://runtimeconfig.googleapis.com/v1beta1/projects/csc190-w/configs/stripe/variables/webhook_secret [none]
[debug] [2024-03-31T19:27:01.872Z] >>> [apiv2][query] GET https://runtimeconfig.googleapis.com/v1beta1/projects/csc190-w/configs/stripe/variables/secret_key [none]
[debug] [2024-03-31T19:27:02.078Z] <<< [apiv2][status] GET https://runtimeconfig.googleapis.com/v1beta1/projects/csc190-w/configs/stripe/variables/secret_key 200
[debug] [2024-03-31T19:27:02.079Z] <<< [apiv2][body] GET https://runtimeconfig.googleapis.com/v1beta1/projects/csc190-w/configs/stripe/variables/secret_key {"name":"projects/csc190-w/configs/stripe/variables/secret_key","updateTime":"2024-02-08T09:00:13.291199666Z","text":"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"}
[debug] [2024-03-31T19:27:02.100Z] <<< [apiv2][status] GET https://runtimeconfig.googleapis.com/v1beta1/projects/csc190-w/configs/mailjet/variables/secretkey 200
[debug] [2024-03-31T19:27:02.101Z] <<< [apiv2][body] GET https://runtimeconfig.googleapis.com/v1beta1/projects/csc190-w/configs/mailjet/variables/secretkey {"name":"projects/csc190-w/configs/mailjet/variables/secretkey","updateTime":"2024-03-29T07:14:04.044007098Z","text":"42e7b70a7d0661a302a2bb0c0fd97037"}
[debug] [2024-03-31T19:27:02.106Z] <<< [apiv2][status] GET https://runtimeconfig.googleapis.com/v1beta1/projects/csc190-w/configs/mailjet/variables/apikey 200
[debug] [2024-03-31T19:27:02.107Z] <<< [apiv2][body] GET https://runtimeconfig.googleapis.com/v1beta1/projects/csc190-w/configs/mailjet/variables/apikey {"name":"projects/csc190-w/configs/mailjet/variables/apikey","updateTime":"2024-03-29T07:14:03.231914245Z","text":"796f1880e9ff286cc1189a47ca778994"}
[debug] [2024-03-31T19:27:02.209Z] <<< [apiv2][status] GET https://runtimeconfig.googleapis.com/v1beta1/projects/csc190-w/configs/stripe/variables/webhook_secret 200
[debug] [2024-03-31T19:27:02.210Z] <<< [apiv2][body] GET https://runtimeconfig.googleapis.com/v1beta1/projects/csc190-w/configs/stripe/variables/webhook_secret {"name":"projects/csc190-w/configs/stripe/variables/webhook_secret","updateTime":"2024-02-25T11:02:13.717823664Z","text":"whsec_tQ8lxetJKLB7zH7lQ5Rnmwiga0kVvF9X"}
[debug] [2024-03-31T19:27:02.214Z] Validating nodejs source
[warn] !  functions: package.json indicates an outdated version of firebase-functions. Please upgrade using npm install --save firebase-functions@latest in your functions directory. 
[debug] [2024-03-31T19:27:04.223Z] > [functions] package.json contents: {
  "name": "functions",
  "description": "Cloud Functions for Firebase",
  "scripts": {
    "serve": "firebase emulators:start --only functions",
    "shell": "firebase functions:shell",
    "start": "npm run shell",
    "deploy": "firebase deploy --only functions",
    "logs": "firebase functions:log"
  },
  "engines": {
    "node": "18"
  },
  "main": "index.js",
  "dependencies": {
    "firebase-admin": "^11.8.0",
    "firebase-functions": "^4.3.1",
    "stripe": "^14.15.0",
    "axios": "^1.6.8"
  },
  "devDependencies": {
    "firebase-functions-test": "^3.1.0"
  },
  "private": true
}
[debug] [2024-03-31T19:27:04.230Z] Building nodejs source
[info] i  functions: Loading and analyzing source code for codebase default to determine what to deploy 
[debug] [2024-03-31T19:27:04.234Z] Could not find functions.yaml. Must use http discovery
[debug] [2024-03-31T19:27:04.254Z] Found firebase-functions binary at 'C:\Users\Shari Nguyen\Documents\GitHub\CSC190_Website\functions\node_modules\.bin\firebase-functions'
[info] Serving at port 8301

[debug] [2024-03-31T19:27:13.183Z] Got response from /__/functions.yaml {"endpoints":{"sendEmailOnNewsletterRequest":{"platform":"gcfv1","availableMemoryMb":null,"timeoutSeconds":null,"minInstances":null,"maxInstances":null,"ingressSettings":null,"serviceAccountEmail":null,"vpc":null,"eventTrigger":{"eventType":"providers/cloud.firestore/eventTypes/document.create","eventFilters":{"resource":"projects/csc190-w/databases/(default)/documents/newsletterRequests/{requestId}"},"retry":false},"labels":{},"entryPoint":"sendEmailOnNewsletterRequest"},"handleNewsletterRequest":{"platform":"gcfv1","availableMemoryMb":null,"timeoutSeconds":null,"minInstances":null,"maxInstances":null,"ingressSettings":null,"serviceAccountEmail":null,"vpc":null,"httpsTrigger":{},"entryPoint":"handleNewsletterRequest"}},"specVersion":"v1alpha1","requiredAPIs":[]}
[info] i  functions: preparing functions directory for uploading... 
[info] i  functions: packaged C:\Users\Shari Nguyen\Documents\GitHub\CSC190_Website\functions (69.11 KB) for uploading 
[debug] [2024-03-31T19:27:18.377Z] >>> [apiv2][query] GET https://cloudfunctions.googleapis.com/v1/projects/csc190-w/locations/-/functions [none]
[debug] [2024-03-31T19:27:18.889Z] <<< [apiv2][status] GET https://cloudfunctions.googleapis.com/v1/projects/csc190-w/locations/-/functions 200
[debug] [2024-03-31T19:27:18.890Z] <<< [apiv2][body] GET https://cloudfunctions.googleapis.com/v1/projects/csc190-w/locations/-/functions {"functions":[{"name":"projects/csc190-w/locations/us-central1/functions/handleNewsletterRequest","httpsTrigger":{"url":"https://us-central1-csc190-w.cloudfunctions.net/handleNewsletterRequest","securityLevel":"SECURE_ALWAYS"},"status":"OFFLINE","entryPoint":"handleNewsletterRequest","timeout":"60s","availableMemoryMb":256,"serviceAccountEmail":"csc190-w@appspot.gserviceaccount.com","updateTime":"2024-03-31T19:12:11.826Z","versionId":"1","labels":{"deployment-tool":"cli-firebase","firebase-functions-hash":"92141b23bc4f33e0a83532b5b8362582808847b0"},"sourceUploadUrl":"https://storage.googleapis.com/uploads-351145659803.us-central1.cloudfunctions.appspot.com/33086c8b-4994-477d-971f-25646015cafc.zip","environmentVariables":{"FIREBASE_CONFIG":"{\"projectId\":\"csc190-w\",\"databaseURL\":\"https://csc190-w-default-rtdb.firebaseio.com\",\"storageBucket\":\"csc190-w.appspot.com\"}","GCLOUD_PROJECT":"csc190-w","EVENTARC_CLOUD_EVENT_SOURCE":"projects/csc190-w/locations/us-central1/functions/handleNewsletterRequest"},"runtime":"nodejs18","ingressSettings":"ALLOW_ALL","buildId":"d2fcfc7f-03e9-4335-8531-d360f102759c","buildEnvironmentVariables":{"GOOGLE_NODE_RUN_SCRIPTS":""},"buildName":"projects/59153071763/locations/us-central1/builds/d2fcfc7f-03e9-4335-8531-d360f102759c","dockerRegistry":"ARTIFACT_REGISTRY","automaticUpdatePolicy":{}},{"name":"projects/csc190-w/locations/us-central1/functions/handleStripeWebhook","httpsTrigger":{"url":"https://us-central1-csc190-w.cloudfunctions.net/handleStripeWebhook","securityLevel":"SECURE_ALWAYS"},"status":"ACTIVE","entryPoint":"handleStripeWebhook","timeout":"60s","availableMemoryMb":256,"serviceAccountEmail":"csc190-w@appspot.gserviceaccount.com","updateTime":"2024-03-30T13:10:42.046Z","versionId":"2","labels":{"deployment-tool":"cli-firebase","firebase-functions-hash":"fb8bb1e44e75359a9c9986abe3a5282837e60ef9"},"sourceUploadUrl":"https://storage.googleapis.com/uploads-351145659803.us-central1.cloudfunctions.appspot.com/89fa7ea4-86d5-4212-a06f-7f9212a66227.zip","environmentVariables":{"FIREBASE_CONFIG":"{\"projectId\":\"csc190-w\",\"databaseURL\":\"https://csc190-w-default-rtdb.firebaseio.com\",\"storageBucket\":\"csc190-w.appspot.com\"}","GCLOUD_PROJECT":"csc190-w","EVENTARC_CLOUD_EVENT_SOURCE":"projects/csc190-w/locations/us-central1/functions/handleStripeWebhook"},"runtime":"nodejs18","ingressSettings":"ALLOW_ALL","buildId":"b8e8eb6f-9445-4419-b3fa-d24d436452ee","buildEnvironmentVariables":{"GOOGLE_NODE_RUN_SCRIPTS":""},"buildName":"projects/59153071763/locations/us-central1/builds/b8e8eb6f-9445-4419-b3fa-d24d436452ee","dockerRegistry":"ARTIFACT_REGISTRY","automaticUpdatePolicy":{}},{"name":"projects/csc190-w/locations/us-central1/functions/sendEmailOnNewsletterRequest","eventTrigger":{"eventType":"providers/cloud.firestore/eventTypes/document.create","resource":"projects/csc190-w/databases/(default)/documents/newsletterRequests/{requestId}","service":"firestore.googleapis.com","failurePolicy":{}},"status":"OFFLINE","entryPoint":"sendEmailOnNewsletterRequest","timeout":"60s","availableMemoryMb":256,"serviceAccountEmail":"csc190-w@appspot.gserviceaccount.com","updateTime":"2024-03-31T19:11:44.064Z","versionId":"1","labels":{"deployment-tool":"cli-firebase","firebase-functions-hash":"92141b23bc4f33e0a83532b5b8362582808847b0"},"sourceUploadUrl":"https://storage.googleapis.com/uploads-351145659803.us-central1.cloudfunctions.appspot.com/33086c8b-4994-477d-971f-25646015cafc.zip","environmentVariables":{"FIREBASE_CONFIG":"{\"projectId\":\"csc190-w\",\"databaseURL\":\"https://csc190-w-default-rtdb.firebaseio.com\",\"storageBucket\":\"csc190-w.appspot.com\"}","GCLOUD_PROJECT":"csc190-w","EVENTARC_CLOUD_EVENT_SOURCE":"projects/csc190-w/locations/us-central1/functions/sendEmailOnNewsletterRequest"},"runtime":"nodejs18","maxInstances":3000,"ingressSettings":"ALLOW_ALL","buildId":"2fb4d68e-df08-4a50-a3e9-3fc2545c8aa4","buildEnvironmentVariables":{"GOOGLE_NODE_RUN_SCRIPTS":""},"buildName":"projects/59153071763/locations/us-central1/builds/2fb4d68e-df08-4a50-a3e9-3fc2545c8aa4","dockerRegistry":"ARTIFACT_REGISTRY","automaticUpdatePolicy":{}},{"name":"projects/csc190-w/locations/us-central1/functions/sendEmailReceipt","eventTrigger":{"eventType":"providers/cloud.firestore/eventTypes/document.create","resource":"projects/csc190-w/databases/(default)/documents/roomReservations/{reservationId}","service":"firestore.googleapis.com","failurePolicy":{}},"status":"ACTIVE","entryPoint":"sendEmailReceipt","timeout":"60s","availableMemoryMb":256,"serviceAccountEmail":"csc190-w@appspot.gserviceaccount.com","updateTime":"2024-03-30T13:10:31.671Z","versionId":"13","labels":{"deployment-tool":"cli-firebase","firebase-functions-hash":"fb8bb1e44e75359a9c9986abe3a5282837e60ef9"},"sourceUploadUrl":"https://storage.googleapis.com/uploads-351145659803.us-central1.cloudfunctions.appspot.com/89fa7ea4-86d5-4212-a06f-7f9212a66227.zip","environmentVariables":{"FIREBASE_CONFIG":"{\"projectId\":\"csc190-w\",\"databaseURL\":\"https://csc190-w-default-rtdb.firebaseio.com\",\"storageBucket\":\"csc190-w.appspot.com\"}","GCLOUD_PROJECT":"csc190-w","EVENTARC_CLOUD_EVENT_SOURCE":"projects/csc190-w/locations/us-central1/functions/sendEmailReceipt"},"runtime":"nodejs18","maxInstances":3000,"ingressSettings":"ALLOW_ALL","buildId":"b8e8eb6f-9445-4419-b3fa-d24d436452ee","buildEnvironmentVariables":{"GOOGLE_NODE_RUN_SCRIPTS":""},"buildName":"projects/59153071763/locations/us-central1/builds/b8e8eb6f-9445-4419-b3fa-d24d436452ee","dockerRegistry":"ARTIFACT_REGISTRY","automaticUpdatePolicy":{}}]}
[debug] [2024-03-31T19:27:18.899Z] >>> [apiv2][query] GET https://cloudfunctions.googleapis.com/v2/projects/csc190-w/locations/-/functions filter=environment%3D%22GEN_2%22
[debug] [2024-03-31T19:27:19.507Z] <<< [apiv2][status] GET https://cloudfunctions.googleapis.com/v2/projects/csc190-w/locations/-/functions 200
[debug] [2024-03-31T19:27:19.508Z] <<< [apiv2][body] GET https://cloudfunctions.googleapis.com/v2/projects/csc190-w/locations/-/functions {}
[debug] [2024-03-31T19:27:19.520Z] >>> [apiv2][query] GET https://firebase.googleapis.com/v1beta1/projects/csc190-w [none]
[debug] [2024-03-31T19:27:19.871Z] <<< [apiv2][status] GET https://firebase.googleapis.com/v1beta1/projects/csc190-w 200
[debug] [2024-03-31T19:27:19.872Z] <<< [apiv2][body] GET https://firebase.googleapis.com/v1beta1/projects/csc190-w {"projectId":"csc190-w","projectNumber":"59153071763","displayName":"CSC190-Website","name":"projects/csc190-w","resources":{"hostingSite":"csc190-w","realtimeDatabaseInstance":"csc190-w-default-rtdb"},"state":"ACTIVE","etag":"1_8d1e015f-ef1c-49ae-9813-fb44ffaeff77"}
[debug] [2024-03-31T19:27:19.876Z] >>> [apiv2][query] POST https://cloudfunctions.googleapis.com/v1/projects/csc190-w/locations/us-central1/functions:generateUploadUrl [none]
[debug] [2024-03-31T19:27:19.876Z] >>> [apiv2][body] POST https://cloudfunctions.googleapis.com/v1/projects/csc190-w/locations/us-central1/functions:generateUploadUrl {}
[debug] [2024-03-31T19:27:20.541Z] <<< [apiv2][status] POST https://cloudfunctions.googleapis.com/v1/projects/csc190-w/locations/us-central1/functions:generateUploadUrl 200
[debug] [2024-03-31T19:27:20.543Z] <<< [apiv2][body] POST https://cloudfunctions.googleapis.com/v1/projects/csc190-w/locations/us-central1/functions:generateUploadUrl {"uploadUrl":"https://storage.googleapis.com/uploads-351145659803.us-central1.cloudfunctions.appspot.com/0e7a2a27-a5bf-4053-bdaa-a0d8a5701809.zip?GoogleAccessId=service-59153071763@gcf-admin-robot.iam.gserviceaccount.com&Expires=1711915044&Signature=cVcoc1Nuecm9KjfIPc0w38Yl1AbqAaGUpdyB8tNfaPk%2BZI%2FUQsRbKAjY1EZnnl%2BstQD%2FL6lQddYRROucbuXY1WTHbIq50b%2BRX%2B%2F9oCgFZu97DbOAmIzeXxDzzfQvjrrXh94V7FTLuZpZstNXA04oPATOT0H96ODdAzQc4nVQF6F%2Bv7BZEZhwZdfmNYlF%2BOcClZ7GWgsaI%2Brd0HxRUMfk%2BWsegr9SOt5JJ9aQssnYBXcFsSGU0uuti1vThcey%2FE2KKlfIBVEHDH9rrlAH0G2LQ0DAI5FV9KaiDwHWmUeBW6dCDTCKQIuOHVHNWpt%2FJ664gs7BPvAiSWc4r1Kr0x4tAg%3D%3D"}
[debug] [2024-03-31T19:27:20.557Z] >>> [apiv2][query] PUT https://storage.googleapis.com/uploads-351145659803.us-central1.cloudfunctions.appspot.com/0e7a2a27-a5bf-4053-bdaa-a0d8a5701809.zip GoogleAccessId=service-59153071763%40gcf-admin-robot.iam.gserviceaccount.com&Expires=1711915044&Signature=cVcoc1Nuecm9KjfIPc0w38Yl1AbqAaGUpdyB8tNfaPk%2BZI%2FUQsRbKAjY1EZnnl%2BstQD%2FL6lQddYRROucbuXY1WTHbIq50b%2BRX%2B%2F9oCgFZu97DbOAmIzeXxDzzfQvjrrXh94V7FTLuZpZstNXA04oPATOT0H96ODdAzQc4nVQF6F%2Bv7BZEZhwZdfmNYlF%2BOcClZ7GWgsaI%2Brd0HxRUMfk%2BWsegr9SOt5JJ9aQssnYBXcFsSGU0uuti1vThcey%2FE2KKlfIBVEHDH9rrlAH0G2LQ0DAI5FV9KaiDwHWmUeBW6dCDTCKQIuOHVHNWpt%2FJ664gs7BPvAiSWc4r1Kr0x4tAg%3D%3D
[debug] [2024-03-31T19:27:20.562Z] >>> [apiv2][body] PUT https://storage.googleapis.com/uploads-351145659803.us-central1.cloudfunctions.appspot.com/0e7a2a27-a5bf-4053-bdaa-a0d8a5701809.zip [stream]
[debug] [2024-03-31T19:27:20.940Z] <<< [apiv2][status] PUT https://storage.googleapis.com/uploads-351145659803.us-central1.cloudfunctions.appspot.com/0e7a2a27-a5bf-4053-bdaa-a0d8a5701809.zip 200
[debug] [2024-03-31T19:27:20.941Z] <<< [apiv2][body] PUT https://storage.googleapis.com/uploads-351145659803.us-central1.cloudfunctions.appspot.com/0e7a2a27-a5bf-4053-bdaa-a0d8a5701809.zip [omitted]
[info] +  functions: functions folder uploaded successfully 
[info] 
The following functions are found in your project but do not exist in your local source code:
	handleStripeWebhook(us-central1)
	sendEmailReceipt(us-central1)

If you are renaming a function or changing its region, it is recommended that you create the new function first before deleting the old one to prevent event loss. For more info, visit https://firebase.google.com/docs/functions/manage-functions#modify

[info] i  functions: updating Node.js 18 (1st Gen) function sendEmailOnNewsletterRequest(us-central1)... 
[info] i  functions: updating Node.js 18 (1st Gen) function handleNewsletterRequest(us-central1)... 
[debug] [2024-03-31T19:27:29.935Z] >>> [apiv2][query] PATCH https://cloudfunctions.googleapis.com/v1/projects/csc190-w/locations/us-central1/functions/sendEmailOnNewsletterRequest updateMask=name%2CsourceUploadUrl%2CentryPoint%2Cruntime%2CdockerRegistry%2Clabels%2CeventTrigger.eventType%2CeventTrigger.resource%2CeventTrigger.failurePolicy%2CminInstances%2CmaxInstances%2CingressSettings%2CenvironmentVariables%2CserviceAccountEmail%2CavailableMemoryMb%2Ctimeout%2CvpcConnector%2CvpcConnectorEgressSettings%2CsourceToken%2CbuildEnvironmentVariables
[debug] [2024-03-31T19:27:29.937Z] >>> [apiv2][body] PATCH https://cloudfunctions.googleapis.com/v1/projects/csc190-w/locations/us-central1/functions/sendEmailOnNewsletterRequest {"name":"projects/csc190-w/locations/us-central1/functions/sendEmailOnNewsletterRequest","sourceUploadUrl":"https://storage.googleapis.com/uploads-351145659803.us-central1.cloudfunctions.appspot.com/0e7a2a27-a5bf-4053-bdaa-a0d8a5701809.zip?GoogleAccessId=service-59153071763@gcf-admin-robot.iam.gserviceaccount.com&Expires=1711915044&Signature=cVcoc1Nuecm9KjfIPc0w38Yl1AbqAaGUpdyB8tNfaPk%2BZI%2FUQsRbKAjY1EZnnl%2BstQD%2FL6lQddYRROucbuXY1WTHbIq50b%2BRX%2B%2F9oCgFZu97DbOAmIzeXxDzzfQvjrrXh94V7FTLuZpZstNXA04oPATOT0H96ODdAzQc4nVQF6F%2Bv7BZEZhwZdfmNYlF%2BOcClZ7GWgsaI%2Brd0HxRUMfk%2BWsegr9SOt5JJ9aQssnYBXcFsSGU0uuti1vThcey%2FE2KKlfIBVEHDH9rrlAH0G2LQ0DAI5FV9KaiDwHWmUeBW6dCDTCKQIuOHVHNWpt%2FJ664gs7BPvAiSWc4r1Kr0x4tAg%3D%3D","entryPoint":"sendEmailOnNewsletterRequest","runtime":"nodejs18","dockerRegistry":"ARTIFACT_REGISTRY","labels":{"deployment-tool":"cli-firebase","firebase-functions-hash":"7f8e3da4d330965b7f673965281537e8bfdbd0c2"},"eventTrigger":{"eventType":"providers/cloud.firestore/eventTypes/document.create","resource":"projects/csc190-w/databases/(default)/documents/newsletterRequests/{requestId}"},"minInstances":null,"maxInstances":null,"ingressSettings":null,"environmentVariables":{"FIREBASE_CONFIG":"{\"projectId\":\"csc190-w\",\"databaseURL\":\"https://csc190-w-default-rtdb.firebaseio.com\",\"storageBucket\":\"csc190-w.appspot.com\"}","GCLOUD_PROJECT":"csc190-w","EVENTARC_CLOUD_EVENT_SOURCE":"projects/csc190-w/locations/us-central1/functions/sendEmailOnNewsletterRequest"},"serviceAccountEmail":null,"availableMemoryMb":null,"timeout":null,"vpcConnector":null,"vpcConnectorEgressSettings":null,"buildEnvironmentVariables":{"GOOGLE_NODE_RUN_SCRIPTS":""}}
[debug] [2024-03-31T19:27:30.561Z] <<< [apiv2][status] PATCH https://cloudfunctions.googleapis.com/v1/projects/csc190-w/locations/us-central1/functions/sendEmailOnNewsletterRequest 200
[debug] [2024-03-31T19:27:30.562Z] <<< [apiv2][body] PATCH https://cloudfunctions.googleapis.com/v1/projects/csc190-w/locations/us-central1/functions/sendEmailOnNewsletterRequest {"name":"operations/Y3NjMTkwLXcvdXMtY2VudHJhbDEvc2VuZEVtYWlsT25OZXdzbGV0dGVyUmVxdWVzdC9yTldQaXplWWY4Zw","metadata":{"@type":"type.googleapis.com/google.cloud.functions.v1.OperationMetadataV1","target":"projects/csc190-w/locations/us-central1/functions/sendEmailOnNewsletterRequest","type":"UPDATE_FUNCTION","request":{"@type":"type.googleapis.com/google.cloud.functions.v1.CloudFunction","name":"projects/csc190-w/locations/us-central1/functions/sendEmailOnNewsletterRequest","eventTrigger":{"eventType":"providers/cloud.firestore/eventTypes/document.create","resource":"projects/csc190-w/databases/(default)/documents/newsletterRequests/{requestId}","service":"firestore.googleapis.com"},"status":"OFFLINE","entryPoint":"sendEmailOnNewsletterRequest","updateTime":"2024-03-31T19:11:44.064Z","versionId":"1","labels":{"deployment-tool":"cli-firebase","firebase-functions-hash":"7f8e3da4d330965b7f673965281537e8bfdbd0c2"},"sourceUploadUrl":"https://storage.googleapis.com/uploads-351145659803.us-central1.cloudfunctions.appspot.com/0e7a2a27-a5bf-4053-bdaa-a0d8a5701809.zip?GoogleAccessId=service-59153071763@gcf-admin-robot.iam.gserviceaccount.com&Expires=1711915044&Signature=cVcoc1Nuecm9KjfIPc0w38Yl1AbqAaGUpdyB8tNfaPk%2BZI%2FUQsRbKAjY1EZnnl%2BstQD%2FL6lQddYRROucbuXY1WTHbIq50b%2BRX%2B%2F9oCgFZu97DbOAmIzeXxDzzfQvjrrXh94V7FTLuZpZstNXA04oPATOT0H96ODdAzQc4nVQF6F%2Bv7BZEZhwZdfmNYlF%2BOcClZ7GWgsaI%2Brd0HxRUMfk%2BWsegr9SOt5JJ9aQssnYBXcFsSGU0uuti1vThcey%2FE2KKlfIBVEHDH9rrlAH0G2LQ0DAI5FV9KaiDwHWmUeBW6dCDTCKQIuOHVHNWpt%2FJ664gs7BPvAiSWc4r1Kr0x4tAg%3D%3D","environmentVariables":{"FIREBASE_CONFIG":"{\"projectId\":\"csc190-w\",\"databaseURL\":\"https://csc190-w-default-rtdb.firebaseio.com\",\"storageBucket\":\"csc190-w.appspot.com\"}","GCLOUD_PROJECT":"csc190-w","EVENTARC_CLOUD_EVENT_SOURCE":"projects/csc190-w/locations/us-central1/functions/sendEmailOnNewsletterRequest"},"runtime":"nodejs18","buildId":"2fb4d68e-df08-4a50-a3e9-3fc2545c8aa4","buildEnvironmentVariables":{"GOOGLE_NODE_RUN_SCRIPTS":""},"buildName":"projects/59153071763/locations/us-central1/builds/2fb4d68e-df08-4a50-a3e9-3fc2545c8aa4","dockerRegistry":"ARTIFACT_REGISTRY","automaticUpdatePolicy":{}},"versionId":"2","updateTime":"2024-03-31T19:27:34Z"}}
[debug] [2024-03-31T19:27:30.566Z] >>> [apiv2][query] GET https://cloudfunctions.googleapis.com/v1/operations/Y3NjMTkwLXcvdXMtY2VudHJhbDEvc2VuZEVtYWlsT25OZXdzbGV0dGVyUmVxdWVzdC9yTldQaXplWWY4Zw [none]
[debug] [2024-03-31T19:27:30.775Z] <<< [apiv2][status] GET https://cloudfunctions.googleapis.com/v1/operations/Y3NjMTkwLXcvdXMtY2VudHJhbDEvc2VuZEVtYWlsT25OZXdzbGV0dGVyUmVxdWVzdC9yTldQaXplWWY4Zw 200
[debug] [2024-03-31T19:27:30.776Z] <<< [apiv2][body] GET https://cloudfunctions.googleapis.com/v1/operations/Y3NjMTkwLXcvdXMtY2VudHJhbDEvc2VuZEVtYWlsT25OZXdzbGV0dGVyUmVxdWVzdC9yTldQaXplWWY4Zw {"name":"operations/Y3NjMTkwLXcvdXMtY2VudHJhbDEvc2VuZEVtYWlsT25OZXdzbGV0dGVyUmVxdWVzdC9yTldQaXplWWY4Zw","metadata":{"@type":"type.googleapis.com/google.cloud.functions.v1.OperationMetadataV1","target":"projects/csc190-w/locations/us-central1/functions/sendEmailOnNewsletterRequest","type":"UPDATE_FUNCTION","request":{"@type":"type.googleapis.com/google.cloud.functions.v1.CloudFunction","name":"projects/csc190-w/locations/us-central1/functions/sendEmailOnNewsletterRequest","eventTrigger":{"eventType":"providers/cloud.firestore/eventTypes/document.create","resource":"projects/csc190-w/databases/(default)/documents/newsletterRequests/{requestId}","service":"firestore.googleapis.com"},"status":"OFFLINE","entryPoint":"sendEmailOnNewsletterRequest","updateTime":"2024-03-31T19:11:44.064Z","versionId":"1","labels":{"deployment-tool":"cli-firebase","firebase-functions-hash":"7f8e3da4d330965b7f673965281537e8bfdbd0c2"},"sourceUploadUrl":"https://storage.googleapis.com/uploads-351145659803.us-central1.cloudfunctions.appspot.com/0e7a2a27-a5bf-4053-bdaa-a0d8a5701809.zip?GoogleAccessId=service-59153071763@gcf-admin-robot.iam.gserviceaccount.com&Expires=1711915044&Signature=cVcoc1Nuecm9KjfIPc0w38Yl1AbqAaGUpdyB8tNfaPk%2BZI%2FUQsRbKAjY1EZnnl%2BstQD%2FL6lQddYRROucbuXY1WTHbIq50b%2BRX%2B%2F9oCgFZu97DbOAmIzeXxDzzfQvjrrXh94V7FTLuZpZstNXA04oPATOT0H96ODdAzQc4nVQF6F%2Bv7BZEZhwZdfmNYlF%2BOcClZ7GWgsaI%2Brd0HxRUMfk%2BWsegr9SOt5JJ9aQssnYBXcFsSGU0uuti1vThcey%2FE2KKlfIBVEHDH9rrlAH0G2LQ0DAI5FV9KaiDwHWmUeBW6dCDTCKQIuOHVHNWpt%2FJ664gs7BPvAiSWc4r1Kr0x4tAg%3D%3D","environmentVariables":{"FIREBASE_CONFIG":"{\"projectId\":\"csc190-w\",\"databaseURL\":\"https://csc190-w-default-rtdb.firebaseio.com\",\"storageBucket\":\"csc190-w.appspot.com\"}","GCLOUD_PROJECT":"csc190-w","EVENTARC_CLOUD_EVENT_SOURCE":"projects/csc190-w/locations/us-central1/functions/sendEmailOnNewsletterRequest"},"runtime":"nodejs18","buildId":"2fb4d68e-df08-4a50-a3e9-3fc2545c8aa4","buildEnvironmentVariables":{"GOOGLE_NODE_RUN_SCRIPTS":""},"buildName":"projects/59153071763/locations/us-central1/builds/2fb4d68e-df08-4a50-a3e9-3fc2545c8aa4","dockerRegistry":"ARTIFACT_REGISTRY","automaticUpdatePolicy":{}},"versionId":"2","updateTime":"2024-03-31T19:27:34Z"}}
[debug] [2024-03-31T19:27:31.291Z] [update-default-us-central1-sendEmailOnNewsletterRequest] Retrying task index 0
[debug] [2024-03-31T19:27:31.292Z] >>> [apiv2][query] GET https://cloudfunctions.googleapis.com/v1/operations/Y3NjMTkwLXcvdXMtY2VudHJhbDEvc2VuZEVtYWlsT25OZXdzbGV0dGVyUmVxdWVzdC9yTldQaXplWWY4Zw [none]
[debug] [2024-03-31T19:27:31.464Z] <<< [apiv2][status] GET https://cloudfunctions.googleapis.com/v1/operations/Y3NjMTkwLXcvdXMtY2VudHJhbDEvc2VuZEVtYWlsT25OZXdzbGV0dGVyUmVxdWVzdC9yTldQaXplWWY4Zw 200
[debug] [2024-03-31T19:27:31.465Z] <<< [apiv2][body] GET https://cloudfunctions.googleapis.com/v1/operations/Y3NjMTkwLXcvdXMtY2VudHJhbDEvc2VuZEVtYWlsT25OZXdzbGV0dGVyUmVxdWVzdC9yTldQaXplWWY4Zw {"name":"operations/Y3NjMTkwLXcvdXMtY2VudHJhbDEvc2VuZEVtYWlsT25OZXdzbGV0dGVyUmVxdWVzdC9yTldQaXplWWY4Zw","metadata":{"@type":"type.googleapis.com/google.cloud.functions.v1.OperationMetadataV1","target":"projects/csc190-w/locations/us-central1/functions/sendEmailOnNewsletterRequest","type":"UPDATE_FUNCTION","request":{"@type":"type.googleapis.com/google.cloud.functions.v1.CloudFunction","name":"projects/csc190-w/locations/us-central1/functions/sendEmailOnNewsletterRequest","eventTrigger":{"eventType":"providers/cloud.firestore/eventTypes/document.create","resource":"projects/csc190-w/databases/(default)/documents/newsletterRequests/{requestId}","service":"firestore.googleapis.com"},"status":"OFFLINE","entryPoint":"sendEmailOnNewsletterRequest","updateTime":"2024-03-31T19:11:44.064Z","versionId":"1","labels":{"deployment-tool":"cli-firebase","firebase-functions-hash":"7f8e3da4d330965b7f673965281537e8bfdbd0c2"},"sourceUploadUrl":"https://storage.googleapis.com/uploads-351145659803.us-central1.cloudfunctions.appspot.com/0e7a2a27-a5bf-4053-bdaa-a0d8a5701809.zip?GoogleAccessId=service-59153071763@gcf-admin-robot.iam.gserviceaccount.com&Expires=1711915044&Signature=cVcoc1Nuecm9KjfIPc0w38Yl1AbqAaGUpdyB8tNfaPk%2BZI%2FUQsRbKAjY1EZnnl%2BstQD%2FL6lQddYRROucbuXY1WTHbIq50b%2BRX%2B%2F9oCgFZu97DbOAmIzeXxDzzfQvjrrXh94V7FTLuZpZstNXA04oPATOT0H96ODdAzQc4nVQF6F%2Bv7BZEZhwZdfmNYlF%2BOcClZ7GWgsaI%2Brd0HxRUMfk%2BWsegr9SOt5JJ9aQssnYBXcFsSGU0uuti1vThcey%2FE2KKlfIBVEHDH9rrlAH0G2LQ0DAI5FV9KaiDwHWmUeBW6dCDTCKQIuOHVHNWpt%2FJ664gs7BPvAiSWc4r1Kr0x4tAg%3D%3D","environmentVariables":{"FIREBASE_CONFIG":"{\"projectId\":\"csc190-w\",\"databaseURL\":\"https://csc190-w-default-rtdb.firebaseio.com\",\"storageBucket\":\"csc190-w.appspot.com\"}","GCLOUD_PROJECT":"csc190-w","EVENTARC_CLOUD_EVENT_SOURCE":"projects/csc190-w/locations/us-central1/functions/sendEmailOnNewsletterRequest"},"runtime":"nodejs18","buildId":"2fb4d68e-df08-4a50-a3e9-3fc2545c8aa4","buildEnvironmentVariables":{"GOOGLE_NODE_RUN_SCRIPTS":""},"buildName":"projects/59153071763/locations/us-central1/builds/2fb4d68e-df08-4a50-a3e9-3fc2545c8aa4","dockerRegistry":"ARTIFACT_REGISTRY","automaticUpdatePolicy":{}},"versionId":"2","updateTime":"2024-03-31T19:27:34Z","buildId":"03202b43-44f7-4eb0-bfd6-2ef38506de39","buildName":"projects/59153071763/locations/us-central1/builds/03202b43-44f7-4eb0-bfd6-2ef38506de39"}}
[debug] [2024-03-31T19:27:32.480Z] [update-default-us-central1-sendEmailOnNewsletterRequest] Retrying task index 0
[debug] [2024-03-31T19:27:32.482Z] >>> [apiv2][query] GET https://cloudfunctions.googleapis.com/v1/operations/Y3NjMTkwLXcvdXMtY2VudHJhbDEvc2VuZEVtYWlsT25OZXdzbGV0dGVyUmVxdWVzdC9yTldQaXplWWY4Zw [none]
[debug] [2024-03-31T19:27:32.623Z] <<< [apiv2][status] GET https://cloudfunctions.googleapis.com/v1/operations/Y3NjMTkwLXcvdXMtY2VudHJhbDEvc2VuZEVtYWlsT25OZXdzbGV0dGVyUmVxdWVzdC9yTldQaXplWWY4Zw 200
[debug] [2024-03-31T19:27:32.624Z] <<< [apiv2][body] GET https://cloudfunctions.googleapis.com/v1/operations/Y3NjMTkwLXcvdXMtY2VudHJhbDEvc2VuZEVtYWlsT25OZXdzbGV0dGVyUmVxdWVzdC9yTldQaXplWWY4Zw {"name":"operations/Y3NjMTkwLXcvdXMtY2VudHJhbDEvc2VuZEVtYWlsT25OZXdzbGV0dGVyUmVxdWVzdC9yTldQaXplWWY4Zw","metadata":{"@type":"type.googleapis.com/google.cloud.functions.v1.OperationMetadataV1","target":"projects/csc190-w/locations/us-central1/functions/sendEmailOnNewsletterRequest","type":"UPDATE_FUNCTION","request":{"@type":"type.googleapis.com/google.cloud.functions.v1.CloudFunction","name":"projects/csc190-w/locations/us-central1/functions/sendEmailOnNewsletterRequest","eventTrigger":{"eventType":"providers/cloud.firestore/eventTypes/document.create","resource":"projects/csc190-w/databases/(default)/documents/newsletterRequests/{requestId}","service":"firestore.googleapis.com"},"status":"OFFLINE","entryPoint":"sendEmailOnNewsletterRequest","updateTime":"2024-03-31T19:11:44.064Z","versionId":"1","labels":{"deployment-tool":"cli-firebase","firebase-functions-hash":"7f8e3da4d330965b7f673965281537e8bfdbd0c2"},"sourceUploadUrl":"https://storage.googleapis.com/uploads-351145659803.us-central1.cloudfunctions.appspot.com/0e7a2a27-a5bf-4053-bdaa-a0d8a5701809.zip?GoogleAccessId=service-59153071763@gcf-admin-robot.iam.gserviceaccount.com&Expires=1711915044&Signature=cVcoc1Nuecm9KjfIPc0w38Yl1AbqAaGUpdyB8tNfaPk%2BZI%2FUQsRbKAjY1EZnnl%2BstQD%2FL6lQddYRROucbuXY1WTHbIq50b%2BRX%2B%2F9oCgFZu97DbOAmIzeXxDzzfQvjrrXh94V7FTLuZpZstNXA04oPATOT0H96ODdAzQc4nVQF6F%2Bv7BZEZhwZdfmNYlF%2BOcClZ7GWgsaI%2Brd0HxRUMfk%2BWsegr9SOt5JJ9aQssnYBXcFsSGU0uuti1vThcey%2FE2KKlfIBVEHDH9rrlAH0G2LQ0DAI5FV9KaiDwHWmUeBW6dCDTCKQIuOHVHNWpt%2FJ664gs7BPvAiSWc4r1Kr0x4tAg%3D%3D","environmentVariables":{"FIREBASE_CONFIG":"{\"projectId\":\"csc190-w\",\"databaseURL\":\"https://csc190-w-default-rtdb.firebaseio.com\",\"storageBucket\":\"csc190-w.appspot.com\"}","GCLOUD_PROJECT":"csc190-w","EVENTARC_CLOUD_EVENT_SOURCE":"projects/csc190-w/locations/us-central1/functions/sendEmailOnNewsletterRequest"},"runtime":"nodejs18","buildId":"2fb4d68e-df08-4a50-a3e9-3fc2545c8aa4","buildEnvironmentVariables":{"GOOGLE_NODE_RUN_SCRIPTS":""},"buildName":"projects/59153071763/locations/us-central1/builds/2fb4d68e-df08-4a50-a3e9-3fc2545c8aa4","dockerRegistry":"ARTIFACT_REGISTRY","automaticUpdatePolicy":{}},"versionId":"2","updateTime":"2024-03-31T19:27:34Z","buildId":"03202b43-44f7-4eb0-bfd6-2ef38506de39","buildName":"projects/59153071763/locations/us-central1/builds/03202b43-44f7-4eb0-bfd6-2ef38506de39"}}
[debug] [2024-03-31T19:27:34.639Z] [update-default-us-central1-sendEmailOnNewsletterRequest] Retrying task index 0
[debug] [2024-03-31T19:27:34.641Z] >>> [apiv2][query] GET https://cloudfunctions.googleapis.com/v1/operations/Y3NjMTkwLXcvdXMtY2VudHJhbDEvc2VuZEVtYWlsT25OZXdzbGV0dGVyUmVxdWVzdC9yTldQaXplWWY4Zw [none]
[debug] [2024-03-31T19:27:34.890Z] <<< [apiv2][status] GET https://cloudfunctions.googleapis.com/v1/operations/Y3NjMTkwLXcvdXMtY2VudHJhbDEvc2VuZEVtYWlsT25OZXdzbGV0dGVyUmVxdWVzdC9yTldQaXplWWY4Zw 200
[debug] [2024-03-31T19:27:34.891Z] <<< [apiv2][body] GET https://cloudfunctions.googleapis.com/v1/operations/Y3NjMTkwLXcvdXMtY2VudHJhbDEvc2VuZEVtYWlsT25OZXdzbGV0dGVyUmVxdWVzdC9yTldQaXplWWY4Zw {"name":"operations/Y3NjMTkwLXcvdXMtY2VudHJhbDEvc2VuZEVtYWlsT25OZXdzbGV0dGVyUmVxdWVzdC9yTldQaXplWWY4Zw","metadata":{"@type":"type.googleapis.com/google.cloud.functions.v1.OperationMetadataV1","target":"projects/csc190-w/locations/us-central1/functions/sendEmailOnNewsletterRequest","type":"UPDATE_FUNCTION","request":{"@type":"type.googleapis.com/google.cloud.functions.v1.CloudFunction","name":"projects/csc190-w/locations/us-central1/functions/sendEmailOnNewsletterRequest","eventTrigger":{"eventType":"providers/cloud.firestore/eventTypes/document.create","resource":"projects/csc190-w/databases/(default)/documents/newsletterRequests/{requestId}","service":"firestore.googleapis.com"},"status":"OFFLINE","entryPoint":"sendEmailOnNewsletterRequest","updateTime":"2024-03-31T19:11:44.064Z","versionId":"1","labels":{"deployment-tool":"cli-firebase","firebase-functions-hash":"7f8e3da4d330965b7f673965281537e8bfdbd0c2"},"sourceUploadUrl":"https://storage.googleapis.com/uploads-351145659803.us-central1.cloudfunctions.appspot.com/0e7a2a27-a5bf-4053-bdaa-a0d8a5701809.zip?GoogleAccessId=service-59153071763@gcf-admin-robot.iam.gserviceaccount.com&Expires=1711915044&Signature=cVcoc1Nuecm9KjfIPc0w38Yl1AbqAaGUpdyB8tNfaPk%2BZI%2FUQsRbKAjY1EZnnl%2BstQD%2FL6lQddYRROucbuXY1WTHbIq50b%2BRX%2B%2F9oCgFZu97DbOAmIzeXxDzzfQvjrrXh94V7FTLuZpZstNXA04oPATOT0H96ODdAzQc4nVQF6F%2Bv7BZEZhwZdfmNYlF%2BOcClZ7GWgsaI%2Brd0HxRUMfk%2BWsegr9SOt5JJ9aQssnYBXcFsSGU0uuti1vThcey%2FE2KKlfIBVEHDH9rrlAH0G2LQ0DAI5FV9KaiDwHWmUeBW6dCDTCKQIuOHVHNWpt%2FJ664gs7BPvAiSWc4r1Kr0x4tAg%3D%3D","environmentVariables":{"FIREBASE_CONFIG":"{\"projectId\":\"csc190-w\",\"databaseURL\":\"https://csc190-w-default-rtdb.firebaseio.com\",\"storageBucket\":\"csc190-w.appspot.com\"}","GCLOUD_PROJECT":"csc190-w","EVENTARC_CLOUD_EVENT_SOURCE":"projects/csc190-w/locations/us-central1/functions/sendEmailOnNewsletterRequest"},"runtime":"nodejs18","buildId":"2fb4d68e-df08-4a50-a3e9-3fc2545c8aa4","buildEnvironmentVariables":{"GOOGLE_NODE_RUN_SCRIPTS":""},"buildName":"projects/59153071763/locations/us-central1/builds/2fb4d68e-df08-4a50-a3e9-3fc2545c8aa4","dockerRegistry":"ARTIFACT_REGISTRY","automaticUpdatePolicy":{}},"versionId":"2","updateTime":"2024-03-31T19:27:34Z","buildId":"03202b43-44f7-4eb0-bfd6-2ef38506de39","buildName":"projects/59153071763/locations/us-central1/builds/03202b43-44f7-4eb0-bfd6-2ef38506de39"}}
[debug] [2024-03-31T19:27:38.899Z] [update-default-us-central1-sendEmailOnNewsletterRequest] Retrying task index 0
[debug] [2024-03-31T19:27:38.900Z] >>> [apiv2][query] GET https://cloudfunctions.googleapis.com/v1/operations/Y3NjMTkwLXcvdXMtY2VudHJhbDEvc2VuZEVtYWlsT25OZXdzbGV0dGVyUmVxdWVzdC9yTldQaXplWWY4Zw [none]
[debug] [2024-03-31T19:27:39.065Z] <<< [apiv2][status] GET https://cloudfunctions.googleapis.com/v1/operations/Y3NjMTkwLXcvdXMtY2VudHJhbDEvc2VuZEVtYWlsT25OZXdzbGV0dGVyUmVxdWVzdC9yTldQaXplWWY4Zw 200
[debug] [2024-03-31T19:27:39.065Z] <<< [apiv2][body] GET https://cloudfunctions.googleapis.com/v1/operations/Y3NjMTkwLXcvdXMtY2VudHJhbDEvc2VuZEVtYWlsT25OZXdzbGV0dGVyUmVxdWVzdC9yTldQaXplWWY4Zw {"name":"operations/Y3NjMTkwLXcvdXMtY2VudHJhbDEvc2VuZEVtYWlsT25OZXdzbGV0dGVyUmVxdWVzdC9yTldQaXplWWY4Zw","metadata":{"@type":"type.googleapis.com/google.cloud.functions.v1.OperationMetadataV1","target":"projects/csc190-w/locations/us-central1/functions/sendEmailOnNewsletterRequest","type":"UPDATE_FUNCTION","request":{"@type":"type.googleapis.com/google.cloud.functions.v1.CloudFunction","name":"projects/csc190-w/locations/us-central1/functions/sendEmailOnNewsletterRequest","eventTrigger":{"eventType":"providers/cloud.firestore/eventTypes/document.create","resource":"projects/csc190-w/databases/(default)/documents/newsletterRequests/{requestId}","service":"firestore.googleapis.com"},"status":"OFFLINE","entryPoint":"sendEmailOnNewsletterRequest","updateTime":"2024-03-31T19:11:44.064Z","versionId":"1","labels":{"deployment-tool":"cli-firebase","firebase-functions-hash":"7f8e3da4d330965b7f673965281537e8bfdbd0c2"},"sourceUploadUrl":"https://storage.googleapis.com/uploads-351145659803.us-central1.cloudfunctions.appspot.com/0e7a2a27-a5bf-4053-bdaa-a0d8a5701809.zip?GoogleAccessId=service-59153071763@gcf-admin-robot.iam.gserviceaccount.com&Expires=1711915044&Signature=cVcoc1Nuecm9KjfIPc0w38Yl1AbqAaGUpdyB8tNfaPk%2BZI%2FUQsRbKAjY1EZnnl%2BstQD%2FL6lQddYRROucbuXY1WTHbIq50b%2BRX%2B%2F9oCgFZu97DbOAmIzeXxDzzfQvjrrXh94V7FTLuZpZstNXA04oPATOT0H96ODdAzQc4nVQF6F%2Bv7BZEZhwZdfmNYlF%2BOcClZ7GWgsaI%2Brd0HxRUMfk%2BWsegr9SOt5JJ9aQssnYBXcFsSGU0uuti1vThcey%2FE2KKlfIBVEHDH9rrlAH0G2LQ0DAI5FV9KaiDwHWmUeBW6dCDTCKQIuOHVHNWpt%2FJ664gs7BPvAiSWc4r1Kr0x4tAg%3D%3D","environmentVariables":{"FIREBASE_CONFIG":"{\"projectId\":\"csc190-w\",\"databaseURL\":\"https://csc190-w-default-rtdb.firebaseio.com\",\"storageBucket\":\"csc190-w.appspot.com\"}","GCLOUD_PROJECT":"csc190-w","EVENTARC_CLOUD_EVENT_SOURCE":"projects/csc190-w/locations/us-central1/functions/sendEmailOnNewsletterRequest"},"runtime":"nodejs18","buildId":"2fb4d68e-df08-4a50-a3e9-3fc2545c8aa4","buildEnvironmentVariables":{"GOOGLE_NODE_RUN_SCRIPTS":""},"buildName":"projects/59153071763/locations/us-central1/builds/2fb4d68e-df08-4a50-a3e9-3fc2545c8aa4","dockerRegistry":"ARTIFACT_REGISTRY","automaticUpdatePolicy":{}},"versionId":"2","updateTime":"2024-03-31T19:27:34Z","buildId":"03202b43-44f7-4eb0-bfd6-2ef38506de39","buildName":"projects/59153071763/locations/us-central1/builds/03202b43-44f7-4eb0-bfd6-2ef38506de39"}}
[debug] [2024-03-31T19:27:47.073Z] [update-default-us-central1-sendEmailOnNewsletterRequest] Retrying task index 0
[debug] [2024-03-31T19:27:47.074Z] >>> [apiv2][query] GET https://cloudfunctions.googleapis.com/v1/operations/Y3NjMTkwLXcvdXMtY2VudHJhbDEvc2VuZEVtYWlsT25OZXdzbGV0dGVyUmVxdWVzdC9yTldQaXplWWY4Zw [none]
[debug] [2024-03-31T19:27:47.264Z] <<< [apiv2][status] GET https://cloudfunctions.googleapis.com/v1/operations/Y3NjMTkwLXcvdXMtY2VudHJhbDEvc2VuZEVtYWlsT25OZXdzbGV0dGVyUmVxdWVzdC9yTldQaXplWWY4Zw 200
[debug] [2024-03-31T19:27:47.264Z] <<< [apiv2][body] GET https://cloudfunctions.googleapis.com/v1/operations/Y3NjMTkwLXcvdXMtY2VudHJhbDEvc2VuZEVtYWlsT25OZXdzbGV0dGVyUmVxdWVzdC9yTldQaXplWWY4Zw {"name":"operations/Y3NjMTkwLXcvdXMtY2VudHJhbDEvc2VuZEVtYWlsT25OZXdzbGV0dGVyUmVxdWVzdC9yTldQaXplWWY4Zw","metadata":{"@type":"type.googleapis.com/google.cloud.functions.v1.OperationMetadataV1","target":"projects/csc190-w/locations/us-central1/functions/sendEmailOnNewsletterRequest","type":"UPDATE_FUNCTION","request":{"@type":"type.googleapis.com/google.cloud.functions.v1.CloudFunction","name":"projects/csc190-w/locations/us-central1/functions/sendEmailOnNewsletterRequest","eventTrigger":{"eventType":"providers/cloud.firestore/eventTypes/document.create","resource":"projects/csc190-w/databases/(default)/documents/newsletterRequests/{requestId}","service":"firestore.googleapis.com"},"status":"OFFLINE","entryPoint":"sendEmailOnNewsletterRequest","updateTime":"2024-03-31T19:11:44.064Z","versionId":"1","labels":{"deployment-tool":"cli-firebase","firebase-functions-hash":"7f8e3da4d330965b7f673965281537e8bfdbd0c2"},"sourceUploadUrl":"https://storage.googleapis.com/uploads-351145659803.us-central1.cloudfunctions.appspot.com/0e7a2a27-a5bf-4053-bdaa-a0d8a5701809.zip?GoogleAccessId=service-59153071763@gcf-admin-robot.iam.gserviceaccount.com&Expires=1711915044&Signature=cVcoc1Nuecm9KjfIPc0w38Yl1AbqAaGUpdyB8tNfaPk%2BZI%2FUQsRbKAjY1EZnnl%2BstQD%2FL6lQddYRROucbuXY1WTHbIq50b%2BRX%2B%2F9oCgFZu97DbOAmIzeXxDzzfQvjrrXh94V7FTLuZpZstNXA04oPATOT0H96ODdAzQc4nVQF6F%2Bv7BZEZhwZdfmNYlF%2BOcClZ7GWgsaI%2Brd0HxRUMfk%2BWsegr9SOt5JJ9aQssnYBXcFsSGU0uuti1vThcey%2FE2KKlfIBVEHDH9rrlAH0G2LQ0DAI5FV9KaiDwHWmUeBW6dCDTCKQIuOHVHNWpt%2FJ664gs7BPvAiSWc4r1Kr0x4tAg%3D%3D","environmentVariables":{"FIREBASE_CONFIG":"{\"projectId\":\"csc190-w\",\"databaseURL\":\"https://csc190-w-default-rtdb.firebaseio.com\",\"storageBucket\":\"csc190-w.appspot.com\"}","GCLOUD_PROJECT":"csc190-w","EVENTARC_CLOUD_EVENT_SOURCE":"projects/csc190-w/locations/us-central1/functions/sendEmailOnNewsletterRequest"},"runtime":"nodejs18","buildId":"2fb4d68e-df08-4a50-a3e9-3fc2545c8aa4","buildEnvironmentVariables":{"GOOGLE_NODE_RUN_SCRIPTS":""},"buildName":"projects/59153071763/locations/us-central1/builds/2fb4d68e-df08-4a50-a3e9-3fc2545c8aa4","dockerRegistry":"ARTIFACT_REGISTRY","automaticUpdatePolicy":{}},"versionId":"2","updateTime":"2024-03-31T19:27:34Z","buildId":"03202b43-44f7-4eb0-bfd6-2ef38506de39","buildName":"projects/59153071763/locations/us-central1/builds/03202b43-44f7-4eb0-bfd6-2ef38506de39"}}
[debug] [2024-03-31T19:27:57.283Z] [update-default-us-central1-sendEmailOnNewsletterRequest] Retrying task index 0
[debug] [2024-03-31T19:27:57.285Z] >>> [apiv2][query] GET https://cloudfunctions.googleapis.com/v1/operations/Y3NjMTkwLXcvdXMtY2VudHJhbDEvc2VuZEVtYWlsT25OZXdzbGV0dGVyUmVxdWVzdC9yTldQaXplWWY4Zw [none]
[debug] [2024-03-31T19:27:57.500Z] <<< [apiv2][status] GET https://cloudfunctions.googleapis.com/v1/operations/Y3NjMTkwLXcvdXMtY2VudHJhbDEvc2VuZEVtYWlsT25OZXdzbGV0dGVyUmVxdWVzdC9yTldQaXplWWY4Zw 200
[debug] [2024-03-31T19:27:57.502Z] <<< [apiv2][body] GET https://cloudfunctions.googleapis.com/v1/operations/Y3NjMTkwLXcvdXMtY2VudHJhbDEvc2VuZEVtYWlsT25OZXdzbGV0dGVyUmVxdWVzdC9yTldQaXplWWY4Zw {"name":"operations/Y3NjMTkwLXcvdXMtY2VudHJhbDEvc2VuZEVtYWlsT25OZXdzbGV0dGVyUmVxdWVzdC9yTldQaXplWWY4Zw","metadata":{"@type":"type.googleapis.com/google.cloud.functions.v1.OperationMetadataV1","target":"projects/csc190-w/locations/us-central1/functions/sendEmailOnNewsletterRequest","type":"UPDATE_FUNCTION","request":{"@type":"type.googleapis.com/google.cloud.functions.v1.CloudFunction","name":"projects/csc190-w/locations/us-central1/functions/sendEmailOnNewsletterRequest","eventTrigger":{"eventType":"providers/cloud.firestore/eventTypes/document.create","resource":"projects/csc190-w/databases/(default)/documents/newsletterRequests/{requestId}","service":"firestore.googleapis.com"},"status":"OFFLINE","entryPoint":"sendEmailOnNewsletterRequest","updateTime":"2024-03-31T19:11:44.064Z","versionId":"1","labels":{"deployment-tool":"cli-firebase","firebase-functions-hash":"7f8e3da4d330965b7f673965281537e8bfdbd0c2"},"sourceUploadUrl":"https://storage.googleapis.com/uploads-351145659803.us-central1.cloudfunctions.appspot.com/0e7a2a27-a5bf-4053-bdaa-a0d8a5701809.zip?GoogleAccessId=service-59153071763@gcf-admin-robot.iam.gserviceaccount.com&Expires=1711915044&Signature=cVcoc1Nuecm9KjfIPc0w38Yl1AbqAaGUpdyB8tNfaPk%2BZI%2FUQsRbKAjY1EZnnl%2BstQD%2FL6lQddYRROucbuXY1WTHbIq50b%2BRX%2B%2F9oCgFZu97DbOAmIzeXxDzzfQvjrrXh94V7FTLuZpZstNXA04oPATOT0H96ODdAzQc4nVQF6F%2Bv7BZEZhwZdfmNYlF%2BOcClZ7GWgsaI%2Brd0HxRUMfk%2BWsegr9SOt5JJ9aQssnYBXcFsSGU0uuti1vThcey%2FE2KKlfIBVEHDH9rrlAH0G2LQ0DAI5FV9KaiDwHWmUeBW6dCDTCKQIuOHVHNWpt%2FJ664gs7BPvAiSWc4r1Kr0x4tAg%3D%3D","environmentVariables":{"FIREBASE_CONFIG":"{\"projectId\":\"csc190-w\",\"databaseURL\":\"https://csc190-w-default-rtdb.firebaseio.com\",\"storageBucket\":\"csc190-w.appspot.com\"}","GCLOUD_PROJECT":"csc190-w","EVENTARC_CLOUD_EVENT_SOURCE":"projects/csc190-w/locations/us-central1/functions/sendEmailOnNewsletterRequest"},"runtime":"nodejs18","buildId":"2fb4d68e-df08-4a50-a3e9-3fc2545c8aa4","buildEnvironmentVariables":{"GOOGLE_NODE_RUN_SCRIPTS":""},"buildName":"projects/59153071763/locations/us-central1/builds/2fb4d68e-df08-4a50-a3e9-3fc2545c8aa4","dockerRegistry":"ARTIFACT_REGISTRY","automaticUpdatePolicy":{}},"versionId":"2","updateTime":"2024-03-31T19:27:34Z","buildId":"03202b43-44f7-4eb0-bfd6-2ef38506de39","buildName":"projects/59153071763/locations/us-central1/builds/03202b43-44f7-4eb0-bfd6-2ef38506de39"}}
[debug] [2024-03-31T19:28:07.534Z] [update-default-us-central1-sendEmailOnNewsletterRequest] Retrying task index 0
[debug] [2024-03-31T19:28:07.538Z] >>> [apiv2][query] GET https://cloudfunctions.googleapis.com/v1/operations/Y3NjMTkwLXcvdXMtY2VudHJhbDEvc2VuZEVtYWlsT25OZXdzbGV0dGVyUmVxdWVzdC9yTldQaXplWWY4Zw [none]
[debug] [2024-03-31T19:28:07.772Z] <<< [apiv2][status] GET https://cloudfunctions.googleapis.com/v1/operations/Y3NjMTkwLXcvdXMtY2VudHJhbDEvc2VuZEVtYWlsT25OZXdzbGV0dGVyUmVxdWVzdC9yTldQaXplWWY4Zw 200
[debug] [2024-03-31T19:28:07.773Z] <<< [apiv2][body] GET https://cloudfunctions.googleapis.com/v1/operations/Y3NjMTkwLXcvdXMtY2VudHJhbDEvc2VuZEVtYWlsT25OZXdzbGV0dGVyUmVxdWVzdC9yTldQaXplWWY4Zw {"name":"operations/Y3NjMTkwLXcvdXMtY2VudHJhbDEvc2VuZEVtYWlsT25OZXdzbGV0dGVyUmVxdWVzdC9yTldQaXplWWY4Zw","metadata":{"@type":"type.googleapis.com/google.cloud.functions.v1.OperationMetadataV1","target":"projects/csc190-w/locations/us-central1/functions/sendEmailOnNewsletterRequest","type":"UPDATE_FUNCTION","request":{"@type":"type.googleapis.com/google.cloud.functions.v1.CloudFunction","name":"projects/csc190-w/locations/us-central1/functions/sendEmailOnNewsletterRequest","eventTrigger":{"eventType":"providers/cloud.firestore/eventTypes/document.create","resource":"projects/csc190-w/databases/(default)/documents/newsletterRequests/{requestId}","service":"firestore.googleapis.com"},"status":"OFFLINE","entryPoint":"sendEmailOnNewsletterRequest","updateTime":"2024-03-31T19:11:44.064Z","versionId":"1","labels":{"deployment-tool":"cli-firebase","firebase-functions-hash":"7f8e3da4d330965b7f673965281537e8bfdbd0c2"},"sourceUploadUrl":"https://storage.googleapis.com/uploads-351145659803.us-central1.cloudfunctions.appspot.com/0e7a2a27-a5bf-4053-bdaa-a0d8a5701809.zip?GoogleAccessId=service-59153071763@gcf-admin-robot.iam.gserviceaccount.com&Expires=1711915044&Signature=cVcoc1Nuecm9KjfIPc0w38Yl1AbqAaGUpdyB8tNfaPk%2BZI%2FUQsRbKAjY1EZnnl%2BstQD%2FL6lQddYRROucbuXY1WTHbIq50b%2BRX%2B%2F9oCgFZu97DbOAmIzeXxDzzfQvjrrXh94V7FTLuZpZstNXA04oPATOT0H96ODdAzQc4nVQF6F%2Bv7BZEZhwZdfmNYlF%2BOcClZ7GWgsaI%2Brd0HxRUMfk%2BWsegr9SOt5JJ9aQssnYBXcFsSGU0uuti1vThcey%2FE2KKlfIBVEHDH9rrlAH0G2LQ0DAI5FV9KaiDwHWmUeBW6dCDTCKQIuOHVHNWpt%2FJ664gs7BPvAiSWc4r1Kr0x4tAg%3D%3D","environmentVariables":{"FIREBASE_CONFIG":"{\"projectId\":\"csc190-w\",\"databaseURL\":\"https://csc190-w-default-rtdb.firebaseio.com\",\"storageBucket\":\"csc190-w.appspot.com\"}","GCLOUD_PROJECT":"csc190-w","EVENTARC_CLOUD_EVENT_SOURCE":"projects/csc190-w/locations/us-central1/functions/sendEmailOnNewsletterRequest"},"runtime":"nodejs18","buildId":"2fb4d68e-df08-4a50-a3e9-3fc2545c8aa4","buildEnvironmentVariables":{"GOOGLE_NODE_RUN_SCRIPTS":""},"buildName":"projects/59153071763/locations/us-central1/builds/2fb4d68e-df08-4a50-a3e9-3fc2545c8aa4","dockerRegistry":"ARTIFACT_REGISTRY","automaticUpdatePolicy":{}},"versionId":"2","updateTime":"2024-03-31T19:27:34Z","buildId":"03202b43-44f7-4eb0-bfd6-2ef38506de39","buildName":"projects/59153071763/locations/us-central1/builds/03202b43-44f7-4eb0-bfd6-2ef38506de39"}}
[debug] [2024-03-31T19:28:17.794Z] [update-default-us-central1-sendEmailOnNewsletterRequest] Retrying task index 0
[debug] [2024-03-31T19:28:17.797Z] >>> [apiv2][query] GET https://cloudfunctions.googleapis.com/v1/operations/Y3NjMTkwLXcvdXMtY2VudHJhbDEvc2VuZEVtYWlsT25OZXdzbGV0dGVyUmVxdWVzdC9yTldQaXplWWY4Zw [none]
[debug] [2024-03-31T19:28:17.998Z] <<< [apiv2][status] GET https://cloudfunctions.googleapis.com/v1/operations/Y3NjMTkwLXcvdXMtY2VudHJhbDEvc2VuZEVtYWlsT25OZXdzbGV0dGVyUmVxdWVzdC9yTldQaXplWWY4Zw 200
[debug] [2024-03-31T19:28:18.000Z] <<< [apiv2][body] GET https://cloudfunctions.googleapis.com/v1/operations/Y3NjMTkwLXcvdXMtY2VudHJhbDEvc2VuZEVtYWlsT25OZXdzbGV0dGVyUmVxdWVzdC9yTldQaXplWWY4Zw {"name":"operations/Y3NjMTkwLXcvdXMtY2VudHJhbDEvc2VuZEVtYWlsT25OZXdzbGV0dGVyUmVxdWVzdC9yTldQaXplWWY4Zw","metadata":{"@type":"type.googleapis.com/google.cloud.functions.v1.OperationMetadataV1","target":"projects/csc190-w/locations/us-central1/functions/sendEmailOnNewsletterRequest","type":"UPDATE_FUNCTION","request":{"@type":"type.googleapis.com/google.cloud.functions.v1.CloudFunction","name":"projects/csc190-w/locations/us-central1/functions/sendEmailOnNewsletterRequest","eventTrigger":{"eventType":"providers/cloud.firestore/eventTypes/document.create","resource":"projects/csc190-w/databases/(default)/documents/newsletterRequests/{requestId}","service":"firestore.googleapis.com"},"status":"OFFLINE","entryPoint":"sendEmailOnNewsletterRequest","updateTime":"2024-03-31T19:11:44.064Z","versionId":"1","labels":{"deployment-tool":"cli-firebase","firebase-functions-hash":"7f8e3da4d330965b7f673965281537e8bfdbd0c2"},"sourceUploadUrl":"https://storage.googleapis.com/uploads-351145659803.us-central1.cloudfunctions.appspot.com/0e7a2a27-a5bf-4053-bdaa-a0d8a5701809.zip?GoogleAccessId=service-59153071763@gcf-admin-robot.iam.gserviceaccount.com&Expires=1711915044&Signature=cVcoc1Nuecm9KjfIPc0w38Yl1AbqAaGUpdyB8tNfaPk%2BZI%2FUQsRbKAjY1EZnnl%2BstQD%2FL6lQddYRROucbuXY1WTHbIq50b%2BRX%2B%2F9oCgFZu97DbOAmIzeXxDzzfQvjrrXh94V7FTLuZpZstNXA04oPATOT0H96ODdAzQc4nVQF6F%2Bv7BZEZhwZdfmNYlF%2BOcClZ7GWgsaI%2Brd0HxRUMfk%2BWsegr9SOt5JJ9aQssnYBXcFsSGU0uuti1vThcey%2FE2KKlfIBVEHDH9rrlAH0G2LQ0DAI5FV9KaiDwHWmUeBW6dCDTCKQIuOHVHNWpt%2FJ664gs7BPvAiSWc4r1Kr0x4tAg%3D%3D","environmentVariables":{"FIREBASE_CONFIG":"{\"projectId\":\"csc190-w\",\"databaseURL\":\"https://csc190-w-default-rtdb.firebaseio.com\",\"storageBucket\":\"csc190-w.appspot.com\"}","GCLOUD_PROJECT":"csc190-w","EVENTARC_CLOUD_EVENT_SOURCE":"projects/csc190-w/locations/us-central1/functions/sendEmailOnNewsletterRequest"},"runtime":"nodejs18","buildId":"2fb4d68e-df08-4a50-a3e9-3fc2545c8aa4","buildEnvironmentVariables":{"GOOGLE_NODE_RUN_SCRIPTS":""},"buildName":"projects/59153071763/locations/us-central1/builds/2fb4d68e-df08-4a50-a3e9-3fc2545c8aa4","dockerRegistry":"ARTIFACT_REGISTRY","automaticUpdatePolicy":{}},"versionId":"2","updateTime":"2024-03-31T19:27:34Z","buildId":"03202b43-44f7-4eb0-bfd6-2ef38506de39","sourceToken":"5058cb68-e411-473c-8258-4e648800d62d","buildName":"projects/59153071763/locations/us-central1/builds/03202b43-44f7-4eb0-bfd6-2ef38506de39"}}
[debug] [2024-03-31T19:28:18.011Z] Got source token 5058cb68-e411-473c-8258-4e648800d62d for region us-central1
[debug] [2024-03-31T19:28:18.014Z] >>> [apiv2][query] PATCH https://cloudfunctions.googleapis.com/v1/projects/csc190-w/locations/us-central1/functions/handleNewsletterRequest updateMask=name%2CsourceUploadUrl%2CentryPoint%2Cruntime%2CdockerRegistry%2Clabels%2ChttpsTrigger.securityLevel%2CminInstances%2CmaxInstances%2CingressSettings%2CenvironmentVariables%2CserviceAccountEmail%2CavailableMemoryMb%2Ctimeout%2CvpcConnector%2CvpcConnectorEgressSettings%2CsourceToken%2CbuildEnvironmentVariables
[debug] [2024-03-31T19:28:18.017Z] >>> [apiv2][body] PATCH https://cloudfunctions.googleapis.com/v1/projects/csc190-w/locations/us-central1/functions/handleNewsletterRequest {"name":"projects/csc190-w/locations/us-central1/functions/handleNewsletterRequest","sourceUploadUrl":"https://storage.googleapis.com/uploads-351145659803.us-central1.cloudfunctions.appspot.com/0e7a2a27-a5bf-4053-bdaa-a0d8a5701809.zip?GoogleAccessId=service-59153071763@gcf-admin-robot.iam.gserviceaccount.com&Expires=1711915044&Signature=cVcoc1Nuecm9KjfIPc0w38Yl1AbqAaGUpdyB8tNfaPk%2BZI%2FUQsRbKAjY1EZnnl%2BstQD%2FL6lQddYRROucbuXY1WTHbIq50b%2BRX%2B%2F9oCgFZu97DbOAmIzeXxDzzfQvjrrXh94V7FTLuZpZstNXA04oPATOT0H96ODdAzQc4nVQF6F%2Bv7BZEZhwZdfmNYlF%2BOcClZ7GWgsaI%2Brd0HxRUMfk%2BWsegr9SOt5JJ9aQssnYBXcFsSGU0uuti1vThcey%2FE2KKlfIBVEHDH9rrlAH0G2LQ0DAI5FV9KaiDwHWmUeBW6dCDTCKQIuOHVHNWpt%2FJ664gs7BPvAiSWc4r1Kr0x4tAg%3D%3D","entryPoint":"handleNewsletterRequest","runtime":"nodejs18","dockerRegistry":"ARTIFACT_REGISTRY","labels":{"deployment-tool":"cli-firebase","firebase-functions-hash":"7f8e3da4d330965b7f673965281537e8bfdbd0c2"},"httpsTrigger":{"securityLevel":"SECURE_ALWAYS"},"minInstances":null,"maxInstances":null,"ingressSettings":null,"environmentVariables":{"FIREBASE_CONFIG":"{\"projectId\":\"csc190-w\",\"databaseURL\":\"https://csc190-w-default-rtdb.firebaseio.com\",\"storageBucket\":\"csc190-w.appspot.com\"}","GCLOUD_PROJECT":"csc190-w","EVENTARC_CLOUD_EVENT_SOURCE":"projects/csc190-w/locations/us-central1/functions/handleNewsletterRequest"},"serviceAccountEmail":null,"availableMemoryMb":null,"timeout":null,"vpcConnector":null,"vpcConnectorEgressSettings":null,"sourceToken":"5058cb68-e411-473c-8258-4e648800d62d","buildEnvironmentVariables":{"GOOGLE_NODE_RUN_SCRIPTS":""}}
[debug] [2024-03-31T19:28:18.514Z] <<< [apiv2][status] PATCH https://cloudfunctions.googleapis.com/v1/projects/csc190-w/locations/us-central1/functions/handleNewsletterRequest 200
[debug] [2024-03-31T19:28:18.514Z] <<< [apiv2][body] PATCH https://cloudfunctions.googleapis.com/v1/projects/csc190-w/locations/us-central1/functions/handleNewsletterRequest {"name":"operations/Y3NjMTkwLXcvdXMtY2VudHJhbDEvaGFuZGxlTmV3c2xldHRlclJlcXVlc3QvbnVzajdWVnZuME0","metadata":{"@type":"type.googleapis.com/google.cloud.functions.v1.OperationMetadataV1","target":"projects/csc190-w/locations/us-central1/functions/handleNewsletterRequest","type":"UPDATE_FUNCTION","request":{"@type":"type.googleapis.com/google.cloud.functions.v1.CloudFunction","name":"projects/csc190-w/locations/us-central1/functions/handleNewsletterRequest","httpsTrigger":{"url":"https://us-central1-csc190-w.cloudfunctions.net/handleNewsletterRequest","securityLevel":"SECURE_ALWAYS"},"status":"OFFLINE","entryPoint":"handleNewsletterRequest","updateTime":"2024-03-31T19:12:11.826Z","versionId":"1","labels":{"deployment-tool":"cli-firebase","firebase-functions-hash":"7f8e3da4d330965b7f673965281537e8bfdbd0c2"},"sourceUploadUrl":"https://storage.googleapis.com/uploads-351145659803.us-central1.cloudfunctions.appspot.com/0e7a2a27-a5bf-4053-bdaa-a0d8a5701809.zip?GoogleAccessId=service-59153071763@gcf-admin-robot.iam.gserviceaccount.com&Expires=1711915044&Signature=cVcoc1Nuecm9KjfIPc0w38Yl1AbqAaGUpdyB8tNfaPk%2BZI%2FUQsRbKAjY1EZnnl%2BstQD%2FL6lQddYRROucbuXY1WTHbIq50b%2BRX%2B%2F9oCgFZu97DbOAmIzeXxDzzfQvjrrXh94V7FTLuZpZstNXA04oPATOT0H96ODdAzQc4nVQF6F%2Bv7BZEZhwZdfmNYlF%2BOcClZ7GWgsaI%2Brd0HxRUMfk%2BWsegr9SOt5JJ9aQssnYBXcFsSGU0uuti1vThcey%2FE2KKlfIBVEHDH9rrlAH0G2LQ0DAI5FV9KaiDwHWmUeBW6dCDTCKQIuOHVHNWpt%2FJ664gs7BPvAiSWc4r1Kr0x4tAg%3D%3D","environmentVariables":{"FIREBASE_CONFIG":"{\"projectId\":\"csc190-w\",\"databaseURL\":\"https://csc190-w-default-rtdb.firebaseio.com\",\"storageBucket\":\"csc190-w.appspot.com\"}","GCLOUD_PROJECT":"csc190-w","EVENTARC_CLOUD_EVENT_SOURCE":"projects/csc190-w/locations/us-central1/functions/handleNewsletterRequest"},"runtime":"nodejs18","buildId":"d2fcfc7f-03e9-4335-8531-d360f102759c","buildEnvironmentVariables":{"GOOGLE_NODE_RUN_SCRIPTS":""},"sourceToken":"5058cb68-e411-473c-8258-4e648800d62d","buildName":"projects/59153071763/locations/us-central1/builds/d2fcfc7f-03e9-4335-8531-d360f102759c","dockerRegistry":"ARTIFACT_REGISTRY","automaticUpdatePolicy":{}},"versionId":"2","updateTime":"2024-03-31T19:28:22Z","sourceToken":"5058cb68-e411-473c-8258-4e648800d62d"}}
[debug] [2024-03-31T19:28:18.520Z] >>> [apiv2][query] GET https://cloudfunctions.googleapis.com/v1/operations/Y3NjMTkwLXcvdXMtY2VudHJhbDEvaGFuZGxlTmV3c2xldHRlclJlcXVlc3QvbnVzajdWVnZuME0 [none]
[debug] [2024-03-31T19:28:18.666Z] <<< [apiv2][status] GET https://cloudfunctions.googleapis.com/v1/operations/Y3NjMTkwLXcvdXMtY2VudHJhbDEvaGFuZGxlTmV3c2xldHRlclJlcXVlc3QvbnVzajdWVnZuME0 200
[debug] [2024-03-31T19:28:18.667Z] <<< [apiv2][body] GET https://cloudfunctions.googleapis.com/v1/operations/Y3NjMTkwLXcvdXMtY2VudHJhbDEvaGFuZGxlTmV3c2xldHRlclJlcXVlc3QvbnVzajdWVnZuME0 {"name":"operations/Y3NjMTkwLXcvdXMtY2VudHJhbDEvaGFuZGxlTmV3c2xldHRlclJlcXVlc3QvbnVzajdWVnZuME0","metadata":{"@type":"type.googleapis.com/google.cloud.functions.v1.OperationMetadataV1","target":"projects/csc190-w/locations/us-central1/functions/handleNewsletterRequest","type":"UPDATE_FUNCTION","request":{"@type":"type.googleapis.com/google.cloud.functions.v1.CloudFunction","name":"projects/csc190-w/locations/us-central1/functions/handleNewsletterRequest","httpsTrigger":{"url":"https://us-central1-csc190-w.cloudfunctions.net/handleNewsletterRequest","securityLevel":"SECURE_ALWAYS"},"status":"OFFLINE","entryPoint":"handleNewsletterRequest","updateTime":"2024-03-31T19:12:11.826Z","versionId":"1","labels":{"deployment-tool":"cli-firebase","firebase-functions-hash":"7f8e3da4d330965b7f673965281537e8bfdbd0c2"},"sourceUploadUrl":"https://storage.googleapis.com/uploads-351145659803.us-central1.cloudfunctions.appspot.com/0e7a2a27-a5bf-4053-bdaa-a0d8a5701809.zip?GoogleAccessId=service-59153071763@gcf-admin-robot.iam.gserviceaccount.com&Expires=1711915044&Signature=cVcoc1Nuecm9KjfIPc0w38Yl1AbqAaGUpdyB8tNfaPk%2BZI%2FUQsRbKAjY1EZnnl%2BstQD%2FL6lQddYRROucbuXY1WTHbIq50b%2BRX%2B%2F9oCgFZu97DbOAmIzeXxDzzfQvjrrXh94V7FTLuZpZstNXA04oPATOT0H96ODdAzQc4nVQF6F%2Bv7BZEZhwZdfmNYlF%2BOcClZ7GWgsaI%2Brd0HxRUMfk%2BWsegr9SOt5JJ9aQssnYBXcFsSGU0uuti1vThcey%2FE2KKlfIBVEHDH9rrlAH0G2LQ0DAI5FV9KaiDwHWmUeBW6dCDTCKQIuOHVHNWpt%2FJ664gs7BPvAiSWc4r1Kr0x4tAg%3D%3D","environmentVariables":{"FIREBASE_CONFIG":"{\"projectId\":\"csc190-w\",\"databaseURL\":\"https://csc190-w-default-rtdb.firebaseio.com\",\"storageBucket\":\"csc190-w.appspot.com\"}","GCLOUD_PROJECT":"csc190-w","EVENTARC_CLOUD_EVENT_SOURCE":"projects/csc190-w/locations/us-central1/functions/handleNewsletterRequest"},"runtime":"nodejs18","buildId":"d2fcfc7f-03e9-4335-8531-d360f102759c","buildEnvironmentVariables":{"GOOGLE_NODE_RUN_SCRIPTS":""},"sourceToken":"5058cb68-e411-473c-8258-4e648800d62d","buildName":"projects/59153071763/locations/us-central1/builds/d2fcfc7f-03e9-4335-8531-d360f102759c","dockerRegistry":"ARTIFACT_REGISTRY","automaticUpdatePolicy":{}},"versionId":"2","updateTime":"2024-03-31T19:28:22Z","sourceToken":"5058cb68-e411-473c-8258-4e648800d62d"}}
[debug] [2024-03-31T19:28:18.674Z] Got source token 5058cb68-e411-473c-8258-4e648800d62d for region us-central1
[debug] [2024-03-31T19:28:19.177Z] [update-default-us-central1-handleNewsletterRequest] Retrying task index 0
[debug] [2024-03-31T19:28:19.179Z] >>> [apiv2][query] GET https://cloudfunctions.googleapis.com/v1/operations/Y3NjMTkwLXcvdXMtY2VudHJhbDEvaGFuZGxlTmV3c2xldHRlclJlcXVlc3QvbnVzajdWVnZuME0 [none]
[debug] [2024-03-31T19:28:19.328Z] <<< [apiv2][status] GET https://cloudfunctions.googleapis.com/v1/operations/Y3NjMTkwLXcvdXMtY2VudHJhbDEvaGFuZGxlTmV3c2xldHRlclJlcXVlc3QvbnVzajdWVnZuME0 200
[debug] [2024-03-31T19:28:19.329Z] <<< [apiv2][body] GET https://cloudfunctions.googleapis.com/v1/operations/Y3NjMTkwLXcvdXMtY2VudHJhbDEvaGFuZGxlTmV3c2xldHRlclJlcXVlc3QvbnVzajdWVnZuME0 {"name":"operations/Y3NjMTkwLXcvdXMtY2VudHJhbDEvaGFuZGxlTmV3c2xldHRlclJlcXVlc3QvbnVzajdWVnZuME0","metadata":{"@type":"type.googleapis.com/google.cloud.functions.v1.OperationMetadataV1","target":"projects/csc190-w/locations/us-central1/functions/handleNewsletterRequest","type":"UPDATE_FUNCTION","request":{"@type":"type.googleapis.com/google.cloud.functions.v1.CloudFunction","name":"projects/csc190-w/locations/us-central1/functions/handleNewsletterRequest","httpsTrigger":{"url":"https://us-central1-csc190-w.cloudfunctions.net/handleNewsletterRequest","securityLevel":"SECURE_ALWAYS"},"status":"OFFLINE","entryPoint":"handleNewsletterRequest","updateTime":"2024-03-31T19:12:11.826Z","versionId":"1","labels":{"deployment-tool":"cli-firebase","firebase-functions-hash":"7f8e3da4d330965b7f673965281537e8bfdbd0c2"},"sourceUploadUrl":"https://storage.googleapis.com/uploads-351145659803.us-central1.cloudfunctions.appspot.com/0e7a2a27-a5bf-4053-bdaa-a0d8a5701809.zip?GoogleAccessId=service-59153071763@gcf-admin-robot.iam.gserviceaccount.com&Expires=1711915044&Signature=cVcoc1Nuecm9KjfIPc0w38Yl1AbqAaGUpdyB8tNfaPk%2BZI%2FUQsRbKAjY1EZnnl%2BstQD%2FL6lQddYRROucbuXY1WTHbIq50b%2BRX%2B%2F9oCgFZu97DbOAmIzeXxDzzfQvjrrXh94V7FTLuZpZstNXA04oPATOT0H96ODdAzQc4nVQF6F%2Bv7BZEZhwZdfmNYlF%2BOcClZ7GWgsaI%2Brd0HxRUMfk%2BWsegr9SOt5JJ9aQssnYBXcFsSGU0uuti1vThcey%2FE2KKlfIBVEHDH9rrlAH0G2LQ0DAI5FV9KaiDwHWmUeBW6dCDTCKQIuOHVHNWpt%2FJ664gs7BPvAiSWc4r1Kr0x4tAg%3D%3D","environmentVariables":{"FIREBASE_CONFIG":"{\"projectId\":\"csc190-w\",\"databaseURL\":\"https://csc190-w-default-rtdb.firebaseio.com\",\"storageBucket\":\"csc190-w.appspot.com\"}","GCLOUD_PROJECT":"csc190-w","EVENTARC_CLOUD_EVENT_SOURCE":"projects/csc190-w/locations/us-central1/functions/handleNewsletterRequest"},"runtime":"nodejs18","buildId":"d2fcfc7f-03e9-4335-8531-d360f102759c","buildEnvironmentVariables":{"GOOGLE_NODE_RUN_SCRIPTS":""},"sourceToken":"5058cb68-e411-473c-8258-4e648800d62d","buildName":"projects/59153071763/locations/us-central1/builds/d2fcfc7f-03e9-4335-8531-d360f102759c","dockerRegistry":"ARTIFACT_REGISTRY","automaticUpdatePolicy":{}},"versionId":"2","updateTime":"2024-03-31T19:28:22Z","buildId":"03202b43-44f7-4eb0-bfd6-2ef38506de39","sourceToken":"5058cb68-e411-473c-8258-4e648800d62d","buildName":"projects/59153071763/locations/us-central1/builds/03202b43-44f7-4eb0-bfd6-2ef38506de39"}}
[debug] [2024-03-31T19:28:19.336Z] Got source token 5058cb68-e411-473c-8258-4e648800d62d for region us-central1
[debug] [2024-03-31T19:28:20.352Z] [update-default-us-central1-handleNewsletterRequest] Retrying task index 0
[debug] [2024-03-31T19:28:20.355Z] >>> [apiv2][query] GET https://cloudfunctions.googleapis.com/v1/operations/Y3NjMTkwLXcvdXMtY2VudHJhbDEvaGFuZGxlTmV3c2xldHRlclJlcXVlc3QvbnVzajdWVnZuME0 [none]
[debug] [2024-03-31T19:28:20.506Z] <<< [apiv2][status] GET https://cloudfunctions.googleapis.com/v1/operations/Y3NjMTkwLXcvdXMtY2VudHJhbDEvaGFuZGxlTmV3c2xldHRlclJlcXVlc3QvbnVzajdWVnZuME0 200
[debug] [2024-03-31T19:28:20.507Z] <<< [apiv2][body] GET https://cloudfunctions.googleapis.com/v1/operations/Y3NjMTkwLXcvdXMtY2VudHJhbDEvaGFuZGxlTmV3c2xldHRlclJlcXVlc3QvbnVzajdWVnZuME0 {"name":"operations/Y3NjMTkwLXcvdXMtY2VudHJhbDEvaGFuZGxlTmV3c2xldHRlclJlcXVlc3QvbnVzajdWVnZuME0","metadata":{"@type":"type.googleapis.com/google.cloud.functions.v1.OperationMetadataV1","target":"projects/csc190-w/locations/us-central1/functions/handleNewsletterRequest","type":"UPDATE_FUNCTION","request":{"@type":"type.googleapis.com/google.cloud.functions.v1.CloudFunction","name":"projects/csc190-w/locations/us-central1/functions/handleNewsletterRequest","httpsTrigger":{"url":"https://us-central1-csc190-w.cloudfunctions.net/handleNewsletterRequest","securityLevel":"SECURE_ALWAYS"},"status":"OFFLINE","entryPoint":"handleNewsletterRequest","updateTime":"2024-03-31T19:12:11.826Z","versionId":"1","labels":{"deployment-tool":"cli-firebase","firebase-functions-hash":"7f8e3da4d330965b7f673965281537e8bfdbd0c2"},"sourceUploadUrl":"https://storage.googleapis.com/uploads-351145659803.us-central1.cloudfunctions.appspot.com/0e7a2a27-a5bf-4053-bdaa-a0d8a5701809.zip?GoogleAccessId=service-59153071763@gcf-admin-robot.iam.gserviceaccount.com&Expires=1711915044&Signature=cVcoc1Nuecm9KjfIPc0w38Yl1AbqAaGUpdyB8tNfaPk%2BZI%2FUQsRbKAjY1EZnnl%2BstQD%2FL6lQddYRROucbuXY1WTHbIq50b%2BRX%2B%2F9oCgFZu97DbOAmIzeXxDzzfQvjrrXh94V7FTLuZpZstNXA04oPATOT0H96ODdAzQc4nVQF6F%2Bv7BZEZhwZdfmNYlF%2BOcClZ7GWgsaI%2Brd0HxRUMfk%2BWsegr9SOt5JJ9aQssnYBXcFsSGU0uuti1vThcey%2FE2KKlfIBVEHDH9rrlAH0G2LQ0DAI5FV9KaiDwHWmUeBW6dCDTCKQIuOHVHNWpt%2FJ664gs7BPvAiSWc4r1Kr0x4tAg%3D%3D","environmentVariables":{"FIREBASE_CONFIG":"{\"projectId\":\"csc190-w\",\"databaseURL\":\"https://csc190-w-default-rtdb.firebaseio.com\",\"storageBucket\":\"csc190-w.appspot.com\"}","GCLOUD_PROJECT":"csc190-w","EVENTARC_CLOUD_EVENT_SOURCE":"projects/csc190-w/locations/us-central1/functions/handleNewsletterRequest"},"runtime":"nodejs18","buildId":"d2fcfc7f-03e9-4335-8531-d360f102759c","buildEnvironmentVariables":{"GOOGLE_NODE_RUN_SCRIPTS":""},"sourceToken":"5058cb68-e411-473c-8258-4e648800d62d","buildName":"projects/59153071763/locations/us-central1/builds/d2fcfc7f-03e9-4335-8531-d360f102759c","dockerRegistry":"ARTIFACT_REGISTRY","automaticUpdatePolicy":{}},"versionId":"2","updateTime":"2024-03-31T19:28:22Z","buildId":"03202b43-44f7-4eb0-bfd6-2ef38506de39","sourceToken":"5058cb68-e411-473c-8258-4e648800d62d","buildName":"projects/59153071763/locations/us-central1/builds/03202b43-44f7-4eb0-bfd6-2ef38506de39"}}
[debug] [2024-03-31T19:28:20.519Z] Got source token 5058cb68-e411-473c-8258-4e648800d62d for region us-central1
[debug] [2024-03-31T19:28:22.523Z] [update-default-us-central1-handleNewsletterRequest] Retrying task index 0
[debug] [2024-03-31T19:28:22.525Z] >>> [apiv2][query] GET https://cloudfunctions.googleapis.com/v1/operations/Y3NjMTkwLXcvdXMtY2VudHJhbDEvaGFuZGxlTmV3c2xldHRlclJlcXVlc3QvbnVzajdWVnZuME0 [none]
[debug] [2024-03-31T19:28:22.688Z] <<< [apiv2][status] GET https://cloudfunctions.googleapis.com/v1/operations/Y3NjMTkwLXcvdXMtY2VudHJhbDEvaGFuZGxlTmV3c2xldHRlclJlcXVlc3QvbnVzajdWVnZuME0 200
[debug] [2024-03-31T19:28:22.690Z] <<< [apiv2][body] GET https://cloudfunctions.googleapis.com/v1/operations/Y3NjMTkwLXcvdXMtY2VudHJhbDEvaGFuZGxlTmV3c2xldHRlclJlcXVlc3QvbnVzajdWVnZuME0 {"name":"operations/Y3NjMTkwLXcvdXMtY2VudHJhbDEvaGFuZGxlTmV3c2xldHRlclJlcXVlc3QvbnVzajdWVnZuME0","metadata":{"@type":"type.googleapis.com/google.cloud.functions.v1.OperationMetadataV1","target":"projects/csc190-w/locations/us-central1/functions/handleNewsletterRequest","type":"UPDATE_FUNCTION","request":{"@type":"type.googleapis.com/google.cloud.functions.v1.CloudFunction","name":"projects/csc190-w/locations/us-central1/functions/handleNewsletterRequest","httpsTrigger":{"url":"https://us-central1-csc190-w.cloudfunctions.net/handleNewsletterRequest","securityLevel":"SECURE_ALWAYS"},"status":"OFFLINE","entryPoint":"handleNewsletterRequest","updateTime":"2024-03-31T19:12:11.826Z","versionId":"1","labels":{"deployment-tool":"cli-firebase","firebase-functions-hash":"7f8e3da4d330965b7f673965281537e8bfdbd0c2"},"sourceUploadUrl":"https://storage.googleapis.com/uploads-351145659803.us-central1.cloudfunctions.appspot.com/0e7a2a27-a5bf-4053-bdaa-a0d8a5701809.zip?GoogleAccessId=service-59153071763@gcf-admin-robot.iam.gserviceaccount.com&Expires=1711915044&Signature=cVcoc1Nuecm9KjfIPc0w38Yl1AbqAaGUpdyB8tNfaPk%2BZI%2FUQsRbKAjY1EZnnl%2BstQD%2FL6lQddYRROucbuXY1WTHbIq50b%2BRX%2B%2F9oCgFZu97DbOAmIzeXxDzzfQvjrrXh94V7FTLuZpZstNXA04oPATOT0H96ODdAzQc4nVQF6F%2Bv7BZEZhwZdfmNYlF%2BOcClZ7GWgsaI%2Brd0HxRUMfk%2BWsegr9SOt5JJ9aQssnYBXcFsSGU0uuti1vThcey%2FE2KKlfIBVEHDH9rrlAH0G2LQ0DAI5FV9KaiDwHWmUeBW6dCDTCKQIuOHVHNWpt%2FJ664gs7BPvAiSWc4r1Kr0x4tAg%3D%3D","environmentVariables":{"FIREBASE_CONFIG":"{\"projectId\":\"csc190-w\",\"databaseURL\":\"https://csc190-w-default-rtdb.firebaseio.com\",\"storageBucket\":\"csc190-w.appspot.com\"}","GCLOUD_PROJECT":"csc190-w","EVENTARC_CLOUD_EVENT_SOURCE":"projects/csc190-w/locations/us-central1/functions/handleNewsletterRequest"},"runtime":"nodejs18","buildId":"d2fcfc7f-03e9-4335-8531-d360f102759c","buildEnvironmentVariables":{"GOOGLE_NODE_RUN_SCRIPTS":""},"sourceToken":"5058cb68-e411-473c-8258-4e648800d62d","buildName":"projects/59153071763/locations/us-central1/builds/d2fcfc7f-03e9-4335-8531-d360f102759c","dockerRegistry":"ARTIFACT_REGISTRY","automaticUpdatePolicy":{}},"versionId":"2","updateTime":"2024-03-31T19:28:22Z","buildId":"03202b43-44f7-4eb0-bfd6-2ef38506de39","sourceToken":"5058cb68-e411-473c-8258-4e648800d62d","buildName":"projects/59153071763/locations/us-central1/builds/03202b43-44f7-4eb0-bfd6-2ef38506de39"}}
[debug] [2024-03-31T19:28:22.706Z] Got source token 5058cb68-e411-473c-8258-4e648800d62d for region us-central1
[debug] [2024-03-31T19:28:26.709Z] [update-default-us-central1-handleNewsletterRequest] Retrying task index 0
[debug] [2024-03-31T19:28:26.713Z] >>> [apiv2][query] GET https://cloudfunctions.googleapis.com/v1/operations/Y3NjMTkwLXcvdXMtY2VudHJhbDEvaGFuZGxlTmV3c2xldHRlclJlcXVlc3QvbnVzajdWVnZuME0 [none]
[debug] [2024-03-31T19:28:26.893Z] <<< [apiv2][status] GET https://cloudfunctions.googleapis.com/v1/operations/Y3NjMTkwLXcvdXMtY2VudHJhbDEvaGFuZGxlTmV3c2xldHRlclJlcXVlc3QvbnVzajdWVnZuME0 200
[debug] [2024-03-31T19:28:26.896Z] <<< [apiv2][body] GET https://cloudfunctions.googleapis.com/v1/operations/Y3NjMTkwLXcvdXMtY2VudHJhbDEvaGFuZGxlTmV3c2xldHRlclJlcXVlc3QvbnVzajdWVnZuME0 {"name":"operations/Y3NjMTkwLXcvdXMtY2VudHJhbDEvaGFuZGxlTmV3c2xldHRlclJlcXVlc3QvbnVzajdWVnZuME0","metadata":{"@type":"type.googleapis.com/google.cloud.functions.v1.OperationMetadataV1","target":"projects/csc190-w/locations/us-central1/functions/handleNewsletterRequest","type":"UPDATE_FUNCTION","request":{"@type":"type.googleapis.com/google.cloud.functions.v1.CloudFunction","name":"projects/csc190-w/locations/us-central1/functions/handleNewsletterRequest","httpsTrigger":{"url":"https://us-central1-csc190-w.cloudfunctions.net/handleNewsletterRequest","securityLevel":"SECURE_ALWAYS"},"status":"OFFLINE","entryPoint":"handleNewsletterRequest","updateTime":"2024-03-31T19:12:11.826Z","versionId":"1","labels":{"deployment-tool":"cli-firebase","firebase-functions-hash":"7f8e3da4d330965b7f673965281537e8bfdbd0c2"},"sourceUploadUrl":"https://storage.googleapis.com/uploads-351145659803.us-central1.cloudfunctions.appspot.com/0e7a2a27-a5bf-4053-bdaa-a0d8a5701809.zip?GoogleAccessId=service-59153071763@gcf-admin-robot.iam.gserviceaccount.com&Expires=1711915044&Signature=cVcoc1Nuecm9KjfIPc0w38Yl1AbqAaGUpdyB8tNfaPk%2BZI%2FUQsRbKAjY1EZnnl%2BstQD%2FL6lQddYRROucbuXY1WTHbIq50b%2BRX%2B%2F9oCgFZu97DbOAmIzeXxDzzfQvjrrXh94V7FTLuZpZstNXA04oPATOT0H96ODdAzQc4nVQF6F%2Bv7BZEZhwZdfmNYlF%2BOcClZ7GWgsaI%2Brd0HxRUMfk%2BWsegr9SOt5JJ9aQssnYBXcFsSGU0uuti1vThcey%2FE2KKlfIBVEHDH9rrlAH0G2LQ0DAI5FV9KaiDwHWmUeBW6dCDTCKQIuOHVHNWpt%2FJ664gs7BPvAiSWc4r1Kr0x4tAg%3D%3D","environmentVariables":{"FIREBASE_CONFIG":"{\"projectId\":\"csc190-w\",\"databaseURL\":\"https://csc190-w-default-rtdb.firebaseio.com\",\"storageBucket\":\"csc190-w.appspot.com\"}","GCLOUD_PROJECT":"csc190-w","EVENTARC_CLOUD_EVENT_SOURCE":"projects/csc190-w/locations/us-central1/functions/handleNewsletterRequest"},"runtime":"nodejs18","buildId":"d2fcfc7f-03e9-4335-8531-d360f102759c","buildEnvironmentVariables":{"GOOGLE_NODE_RUN_SCRIPTS":""},"sourceToken":"5058cb68-e411-473c-8258-4e648800d62d","buildName":"projects/59153071763/locations/us-central1/builds/d2fcfc7f-03e9-4335-8531-d360f102759c","dockerRegistry":"ARTIFACT_REGISTRY","automaticUpdatePolicy":{}},"versionId":"2","updateTime":"2024-03-31T19:28:22Z","buildId":"03202b43-44f7-4eb0-bfd6-2ef38506de39","sourceToken":"5058cb68-e411-473c-8258-4e648800d62d","buildName":"projects/59153071763/locations/us-central1/builds/03202b43-44f7-4eb0-bfd6-2ef38506de39"}}
[debug] [2024-03-31T19:28:26.913Z] Got source token 5058cb68-e411-473c-8258-4e648800d62d for region us-central1
[debug] [2024-03-31T19:28:28.023Z] [update-default-us-central1-sendEmailOnNewsletterRequest] Retrying task index 0
[debug] [2024-03-31T19:28:28.025Z] >>> [apiv2][query] GET https://cloudfunctions.googleapis.com/v1/operations/Y3NjMTkwLXcvdXMtY2VudHJhbDEvc2VuZEVtYWlsT25OZXdzbGV0dGVyUmVxdWVzdC9yTldQaXplWWY4Zw [none]
[debug] [2024-03-31T19:28:28.182Z] <<< [apiv2][status] GET https://cloudfunctions.googleapis.com/v1/operations/Y3NjMTkwLXcvdXMtY2VudHJhbDEvc2VuZEVtYWlsT25OZXdzbGV0dGVyUmVxdWVzdC9yTldQaXplWWY4Zw 200
[debug] [2024-03-31T19:28:28.184Z] <<< [apiv2][body] GET https://cloudfunctions.googleapis.com/v1/operations/Y3NjMTkwLXcvdXMtY2VudHJhbDEvc2VuZEVtYWlsT25OZXdzbGV0dGVyUmVxdWVzdC9yTldQaXplWWY4Zw {"name":"operations/Y3NjMTkwLXcvdXMtY2VudHJhbDEvc2VuZEVtYWlsT25OZXdzbGV0dGVyUmVxdWVzdC9yTldQaXplWWY4Zw","metadata":{"@type":"type.googleapis.com/google.cloud.functions.v1.OperationMetadataV1","target":"projects/csc190-w/locations/us-central1/functions/sendEmailOnNewsletterRequest","type":"UPDATE_FUNCTION","request":{"@type":"type.googleapis.com/google.cloud.functions.v1.CloudFunction","name":"projects/csc190-w/locations/us-central1/functions/sendEmailOnNewsletterRequest","eventTrigger":{"eventType":"providers/cloud.firestore/eventTypes/document.create","resource":"projects/csc190-w/databases/(default)/documents/newsletterRequests/{requestId}","service":"firestore.googleapis.com"},"status":"OFFLINE","entryPoint":"sendEmailOnNewsletterRequest","updateTime":"2024-03-31T19:11:44.064Z","versionId":"1","labels":{"deployment-tool":"cli-firebase","firebase-functions-hash":"7f8e3da4d330965b7f673965281537e8bfdbd0c2"},"sourceUploadUrl":"https://storage.googleapis.com/uploads-351145659803.us-central1.cloudfunctions.appspot.com/0e7a2a27-a5bf-4053-bdaa-a0d8a5701809.zip?GoogleAccessId=service-59153071763@gcf-admin-robot.iam.gserviceaccount.com&Expires=1711915044&Signature=cVcoc1Nuecm9KjfIPc0w38Yl1AbqAaGUpdyB8tNfaPk%2BZI%2FUQsRbKAjY1EZnnl%2BstQD%2FL6lQddYRROucbuXY1WTHbIq50b%2BRX%2B%2F9oCgFZu97DbOAmIzeXxDzzfQvjrrXh94V7FTLuZpZstNXA04oPATOT0H96ODdAzQc4nVQF6F%2Bv7BZEZhwZdfmNYlF%2BOcClZ7GWgsaI%2Brd0HxRUMfk%2BWsegr9SOt5JJ9aQssnYBXcFsSGU0uuti1vThcey%2FE2KKlfIBVEHDH9rrlAH0G2LQ0DAI5FV9KaiDwHWmUeBW6dCDTCKQIuOHVHNWpt%2FJ664gs7BPvAiSWc4r1Kr0x4tAg%3D%3D","environmentVariables":{"FIREBASE_CONFIG":"{\"projectId\":\"csc190-w\",\"databaseURL\":\"https://csc190-w-default-rtdb.firebaseio.com\",\"storageBucket\":\"csc190-w.appspot.com\"}","GCLOUD_PROJECT":"csc190-w","EVENTARC_CLOUD_EVENT_SOURCE":"projects/csc190-w/locations/us-central1/functions/sendEmailOnNewsletterRequest"},"runtime":"nodejs18","buildId":"2fb4d68e-df08-4a50-a3e9-3fc2545c8aa4","buildEnvironmentVariables":{"GOOGLE_NODE_RUN_SCRIPTS":""},"buildName":"projects/59153071763/locations/us-central1/builds/2fb4d68e-df08-4a50-a3e9-3fc2545c8aa4","dockerRegistry":"ARTIFACT_REGISTRY","automaticUpdatePolicy":{}},"versionId":"2","updateTime":"2024-03-31T19:27:34Z","buildId":"03202b43-44f7-4eb0-bfd6-2ef38506de39","sourceToken":"5058cb68-e411-473c-8258-4e648800d62d","buildName":"projects/59153071763/locations/us-central1/builds/03202b43-44f7-4eb0-bfd6-2ef38506de39"}}
[debug] [2024-03-31T19:28:28.201Z] Got source token 5058cb68-e411-473c-8258-4e648800d62d for region us-central1
[debug] [2024-03-31T19:28:34.926Z] [update-default-us-central1-handleNewsletterRequest] Retrying task index 0
[debug] [2024-03-31T19:28:34.928Z] >>> [apiv2][query] GET https://cloudfunctions.googleapis.com/v1/operations/Y3NjMTkwLXcvdXMtY2VudHJhbDEvaGFuZGxlTmV3c2xldHRlclJlcXVlc3QvbnVzajdWVnZuME0 [none]
[debug] [2024-03-31T19:28:35.149Z] <<< [apiv2][status] GET https://cloudfunctions.googleapis.com/v1/operations/Y3NjMTkwLXcvdXMtY2VudHJhbDEvaGFuZGxlTmV3c2xldHRlclJlcXVlc3QvbnVzajdWVnZuME0 200
[debug] [2024-03-31T19:28:35.150Z] <<< [apiv2][body] GET https://cloudfunctions.googleapis.com/v1/operations/Y3NjMTkwLXcvdXMtY2VudHJhbDEvaGFuZGxlTmV3c2xldHRlclJlcXVlc3QvbnVzajdWVnZuME0 {"name":"operations/Y3NjMTkwLXcvdXMtY2VudHJhbDEvaGFuZGxlTmV3c2xldHRlclJlcXVlc3QvbnVzajdWVnZuME0","metadata":{"@type":"type.googleapis.com/google.cloud.functions.v1.OperationMetadataV1","target":"projects/csc190-w/locations/us-central1/functions/handleNewsletterRequest","type":"UPDATE_FUNCTION","request":{"@type":"type.googleapis.com/google.cloud.functions.v1.CloudFunction","name":"projects/csc190-w/locations/us-central1/functions/handleNewsletterRequest","httpsTrigger":{"url":"https://us-central1-csc190-w.cloudfunctions.net/handleNewsletterRequest","securityLevel":"SECURE_ALWAYS"},"status":"OFFLINE","entryPoint":"handleNewsletterRequest","updateTime":"2024-03-31T19:12:11.826Z","versionId":"1","labels":{"deployment-tool":"cli-firebase","firebase-functions-hash":"7f8e3da4d330965b7f673965281537e8bfdbd0c2"},"sourceUploadUrl":"https://storage.googleapis.com/uploads-351145659803.us-central1.cloudfunctions.appspot.com/0e7a2a27-a5bf-4053-bdaa-a0d8a5701809.zip?GoogleAccessId=service-59153071763@gcf-admin-robot.iam.gserviceaccount.com&Expires=1711915044&Signature=cVcoc1Nuecm9KjfIPc0w38Yl1AbqAaGUpdyB8tNfaPk%2BZI%2FUQsRbKAjY1EZnnl%2BstQD%2FL6lQddYRROucbuXY1WTHbIq50b%2BRX%2B%2F9oCgFZu97DbOAmIzeXxDzzfQvjrrXh94V7FTLuZpZstNXA04oPATOT0H96ODdAzQc4nVQF6F%2Bv7BZEZhwZdfmNYlF%2BOcClZ7GWgsaI%2Brd0HxRUMfk%2BWsegr9SOt5JJ9aQssnYBXcFsSGU0uuti1vThcey%2FE2KKlfIBVEHDH9rrlAH0G2LQ0DAI5FV9KaiDwHWmUeBW6dCDTCKQIuOHVHNWpt%2FJ664gs7BPvAiSWc4r1Kr0x4tAg%3D%3D","environmentVariables":{"FIREBASE_CONFIG":"{\"projectId\":\"csc190-w\",\"databaseURL\":\"https://csc190-w-default-rtdb.firebaseio.com\",\"storageBucket\":\"csc190-w.appspot.com\"}","GCLOUD_PROJECT":"csc190-w","EVENTARC_CLOUD_EVENT_SOURCE":"projects/csc190-w/locations/us-central1/functions/handleNewsletterRequest"},"runtime":"nodejs18","buildId":"d2fcfc7f-03e9-4335-8531-d360f102759c","buildEnvironmentVariables":{"GOOGLE_NODE_RUN_SCRIPTS":""},"sourceToken":"5058cb68-e411-473c-8258-4e648800d62d","buildName":"projects/59153071763/locations/us-central1/builds/d2fcfc7f-03e9-4335-8531-d360f102759c","dockerRegistry":"ARTIFACT_REGISTRY","automaticUpdatePolicy":{}},"versionId":"2","updateTime":"2024-03-31T19:28:37Z","buildId":"03202b43-44f7-4eb0-bfd6-2ef38506de39","sourceToken":"5058cb68-e411-473c-8258-4e648800d62d","buildName":"projects/59153071763/locations/us-central1/builds/03202b43-44f7-4eb0-bfd6-2ef38506de39"},"done":true,"response":{"@type":"type.googleapis.com/google.cloud.functions.v1.CloudFunction","name":"projects/csc190-w/locations/us-central1/functions/handleNewsletterRequest","httpsTrigger":{"url":"https://us-central1-csc190-w.cloudfunctions.net/handleNewsletterRequest","securityLevel":"SECURE_ALWAYS"},"status":"ACTIVE","entryPoint":"handleNewsletterRequest","timeout":"60s","availableMemoryMb":256,"serviceAccountEmail":"csc190-w@appspot.gserviceaccount.com","updateTime":"2024-03-31T19:28:37.062Z","versionId":"2","labels":{"deployment-tool":"cli-firebase","firebase-functions-hash":"7f8e3da4d330965b7f673965281537e8bfdbd0c2"},"sourceUploadUrl":"https://storage.googleapis.com/uploads-351145659803.us-central1.cloudfunctions.appspot.com/0e7a2a27-a5bf-4053-bdaa-a0d8a5701809.zip","environmentVariables":{"FIREBASE_CONFIG":"{\"projectId\":\"csc190-w\",\"databaseURL\":\"https://csc190-w-default-rtdb.firebaseio.com\",\"storageBucket\":\"csc190-w.appspot.com\"}","GCLOUD_PROJECT":"csc190-w","EVENTARC_CLOUD_EVENT_SOURCE":"projects/csc190-w/locations/us-central1/functions/handleNewsletterRequest"},"runtime":"nodejs18","ingressSettings":"ALLOW_ALL","buildId":"03202b43-44f7-4eb0-bfd6-2ef38506de39","buildEnvironmentVariables":{"GOOGLE_NODE_RUN_SCRIPTS":""},"buildName":"projects/59153071763/locations/us-central1/builds/03202b43-44f7-4eb0-bfd6-2ef38506de39","dockerRegistry":"ARTIFACT_REGISTRY","automaticUpdatePolicy":{}}}
[debug] [2024-03-31T19:28:35.155Z] Got source token 5058cb68-e411-473c-8258-4e648800d62d for region us-central1
[info] +  functions[handleNewsletterRequest(us-central1)] Successful update operation. 
[debug] [2024-03-31T19:28:38.206Z] [update-default-us-central1-sendEmailOnNewsletterRequest] Retrying task index 0
[debug] [2024-03-31T19:28:38.211Z] >>> [apiv2][query] GET https://cloudfunctions.googleapis.com/v1/operations/Y3NjMTkwLXcvdXMtY2VudHJhbDEvc2VuZEVtYWlsT25OZXdzbGV0dGVyUmVxdWVzdC9yTldQaXplWWY4Zw [none]
[debug] [2024-03-31T19:28:38.400Z] <<< [apiv2][status] GET https://cloudfunctions.googleapis.com/v1/operations/Y3NjMTkwLXcvdXMtY2VudHJhbDEvc2VuZEVtYWlsT25OZXdzbGV0dGVyUmVxdWVzdC9yTldQaXplWWY4Zw 200
[debug] [2024-03-31T19:28:38.401Z] <<< [apiv2][body] GET https://cloudfunctions.googleapis.com/v1/operations/Y3NjMTkwLXcvdXMtY2VudHJhbDEvc2VuZEVtYWlsT25OZXdzbGV0dGVyUmVxdWVzdC9yTldQaXplWWY4Zw {"name":"operations/Y3NjMTkwLXcvdXMtY2VudHJhbDEvc2VuZEVtYWlsT25OZXdzbGV0dGVyUmVxdWVzdC9yTldQaXplWWY4Zw","metadata":{"@type":"type.googleapis.com/google.cloud.functions.v1.OperationMetadataV1","target":"projects/csc190-w/locations/us-central1/functions/sendEmailOnNewsletterRequest","type":"UPDATE_FUNCTION","request":{"@type":"type.googleapis.com/google.cloud.functions.v1.CloudFunction","name":"projects/csc190-w/locations/us-central1/functions/sendEmailOnNewsletterRequest","eventTrigger":{"eventType":"providers/cloud.firestore/eventTypes/document.create","resource":"projects/csc190-w/databases/(default)/documents/newsletterRequests/{requestId}","service":"firestore.googleapis.com"},"status":"OFFLINE","entryPoint":"sendEmailOnNewsletterRequest","updateTime":"2024-03-31T19:11:44.064Z","versionId":"1","labels":{"deployment-tool":"cli-firebase","firebase-functions-hash":"7f8e3da4d330965b7f673965281537e8bfdbd0c2"},"sourceUploadUrl":"https://storage.googleapis.com/uploads-351145659803.us-central1.cloudfunctions.appspot.com/0e7a2a27-a5bf-4053-bdaa-a0d8a5701809.zip?GoogleAccessId=service-59153071763@gcf-admin-robot.iam.gserviceaccount.com&Expires=1711915044&Signature=cVcoc1Nuecm9KjfIPc0w38Yl1AbqAaGUpdyB8tNfaPk%2BZI%2FUQsRbKAjY1EZnnl%2BstQD%2FL6lQddYRROucbuXY1WTHbIq50b%2BRX%2B%2F9oCgFZu97DbOAmIzeXxDzzfQvjrrXh94V7FTLuZpZstNXA04oPATOT0H96ODdAzQc4nVQF6F%2Bv7BZEZhwZdfmNYlF%2BOcClZ7GWgsaI%2Brd0HxRUMfk%2BWsegr9SOt5JJ9aQssnYBXcFsSGU0uuti1vThcey%2FE2KKlfIBVEHDH9rrlAH0G2LQ0DAI5FV9KaiDwHWmUeBW6dCDTCKQIuOHVHNWpt%2FJ664gs7BPvAiSWc4r1Kr0x4tAg%3D%3D","environmentVariables":{"FIREBASE_CONFIG":"{\"projectId\":\"csc190-w\",\"databaseURL\":\"https://csc190-w-default-rtdb.firebaseio.com\",\"storageBucket\":\"csc190-w.appspot.com\"}","GCLOUD_PROJECT":"csc190-w","EVENTARC_CLOUD_EVENT_SOURCE":"projects/csc190-w/locations/us-central1/functions/sendEmailOnNewsletterRequest"},"runtime":"nodejs18","buildId":"2fb4d68e-df08-4a50-a3e9-3fc2545c8aa4","buildEnvironmentVariables":{"GOOGLE_NODE_RUN_SCRIPTS":""},"buildName":"projects/59153071763/locations/us-central1/builds/2fb4d68e-df08-4a50-a3e9-3fc2545c8aa4","dockerRegistry":"ARTIFACT_REGISTRY","automaticUpdatePolicy":{}},"versionId":"2","updateTime":"2024-03-31T19:28:34Z","buildId":"03202b43-44f7-4eb0-bfd6-2ef38506de39","sourceToken":"5058cb68-e411-473c-8258-4e648800d62d","buildName":"projects/59153071763/locations/us-central1/builds/03202b43-44f7-4eb0-bfd6-2ef38506de39"},"done":true,"response":{"@type":"type.googleapis.com/google.cloud.functions.v1.CloudFunction","name":"projects/csc190-w/locations/us-central1/functions/sendEmailOnNewsletterRequest","eventTrigger":{"eventType":"providers/cloud.firestore/eventTypes/document.create","resource":"projects/csc190-w/databases/(default)/documents/newsletterRequests/{requestId}","service":"firestore.googleapis.com","failurePolicy":{}},"status":"ACTIVE","entryPoint":"sendEmailOnNewsletterRequest","timeout":"60s","availableMemoryMb":256,"serviceAccountEmail":"csc190-w@appspot.gserviceaccount.com","updateTime":"2024-03-31T19:28:34.046Z","versionId":"2","labels":{"deployment-tool":"cli-firebase","firebase-functions-hash":"7f8e3da4d330965b7f673965281537e8bfdbd0c2"},"sourceUploadUrl":"https://storage.googleapis.com/uploads-351145659803.us-central1.cloudfunctions.appspot.com/0e7a2a27-a5bf-4053-bdaa-a0d8a5701809.zip","environmentVariables":{"FIREBASE_CONFIG":"{\"projectId\":\"csc190-w\",\"databaseURL\":\"https://csc190-w-default-rtdb.firebaseio.com\",\"storageBucket\":\"csc190-w.appspot.com\"}","GCLOUD_PROJECT":"csc190-w","EVENTARC_CLOUD_EVENT_SOURCE":"projects/csc190-w/locations/us-central1/functions/sendEmailOnNewsletterRequest"},"runtime":"nodejs18","maxInstances":3000,"ingressSettings":"ALLOW_ALL","buildId":"03202b43-44f7-4eb0-bfd6-2ef38506de39","buildEnvironmentVariables":{"GOOGLE_NODE_RUN_SCRIPTS":""},"buildName":"projects/59153071763/locations/us-central1/builds/03202b43-44f7-4eb0-bfd6-2ef38506de39","dockerRegistry":"ARTIFACT_REGISTRY","automaticUpdatePolicy":{}}}
[debug] [2024-03-31T19:28:38.415Z] Got source token 5058cb68-e411-473c-8258-4e648800d62d for region us-central1
[info] +  functions[sendEmailOnNewsletterRequest(us-central1)] Successful update operation. 
[debug] [2024-03-31T19:28:38.433Z] Total Function Deployment time: 68486
[debug] [2024-03-31T19:28:38.434Z] 2 Functions Deployed
[debug] [2024-03-31T19:28:38.434Z] 0 Functions Errored
[debug] [2024-03-31T19:28:38.435Z] 0 Function Deployments Aborted
[debug] [2024-03-31T19:28:38.435Z] Average Function Deployment time: 66854.5
[info] Function URL (handleNewsletterRequest(us-central1)): https://us-central1-csc190-w.cloudfunctions.net/handleNewsletterRequest
[info] i  functions: cleaning up build files... 
[debug] [2024-03-31T19:28:38.580Z] >>> [apiv2][query] DELETE https://artifactregistry.googleapis.com/v1beta2/projects/csc190-w/locations/us-central1/repositories/gcf-artifacts/packages/send_email_on_newsletter_request [none]
[debug] [2024-03-31T19:28:38.582Z] >>> [apiv2][query] DELETE https://artifactregistry.googleapis.com/v1beta2/projects/csc190-w/locations/us-central1/repositories/gcf-artifacts/packages/handle_newsletter_request [none]
[debug] [2024-03-31T19:28:38.584Z] >>> [apiv2][query] GET https://us.gcr.io/v2/csc190-w/gcf/us-central1/tags/list [none]
[debug] [2024-03-31T19:28:39.060Z] <<< [apiv2][status] DELETE https://artifactregistry.googleapis.com/v1beta2/projects/csc190-w/locations/us-central1/repositories/gcf-artifacts/packages/send_email_on_newsletter_request 200
[debug] [2024-03-31T19:28:39.064Z] <<< [apiv2][body] DELETE https://artifactregistry.googleapis.com/v1beta2/projects/csc190-w/locations/us-central1/repositories/gcf-artifacts/packages/send_email_on_newsletter_request {"name":"projects/csc190-w/locations/us-central1/operations/b28438a4-d559-476f-9f17-4bbac50e3a2c","metadata":{"@type":"type.googleapis.com/google.devtools.artifactregistry.v1beta2.OperationMetadata"}}
[debug] [2024-03-31T19:28:39.070Z] >>> [apiv2][query] GET https://artifactregistry.googleapis.com/v1beta2/projects/csc190-w/locations/us-central1/operations/b28438a4-d559-476f-9f17-4bbac50e3a2c [none]
[debug] [2024-03-31T19:28:39.073Z] <<< [apiv2][status] GET https://us.gcr.io/v2/csc190-w/gcf/us-central1/tags/list 404
[debug] [2024-03-31T19:28:39.074Z] <<< [apiv2][body] GET https://us.gcr.io/v2/csc190-w/gcf/us-central1/tags/list {"errors":[{"code":"NAME_UNKNOWN","message":"Repository \"us.gcr.io\" not found"}]}
[debug] [2024-03-31T19:28:39.078Z] Failed docker command with error  HTTP Error: 404, Not Found {"name":"FirebaseError","children":[],"context":{"body":{"errors":[{"code":"NAME_UNKNOWN","message":"Repository \"us.gcr.io\" not found"}],"error":{"message":"Not Found"}},"response":{"statusCode":404}},"exit":1,"message":"HTTP Error: 404, Not Found","status":404}
[debug] [2024-03-31T19:28:39.081Z] <<< [apiv2][status] DELETE https://artifactregistry.googleapis.com/v1beta2/projects/csc190-w/locations/us-central1/repositories/gcf-artifacts/packages/handle_newsletter_request 404
[debug] [2024-03-31T19:28:39.083Z] <<< [apiv2][body] DELETE https://artifactregistry.googleapis.com/v1beta2/projects/csc190-w/locations/us-central1/repositories/gcf-artifacts/packages/handle_newsletter_request {"error":{"code":404,"message":"Package \"projects/csc190-w/locations/us-central1/repositories/gcf-artifacts/packages/handle_newsletter_request\" was not found.","status":"NOT_FOUND"}}
[debug] [2024-03-31T19:28:39.086Z] >>> [apiv2][query] GET https://us.gcr.io/v2/csc190-w/gcf/us-central1/tags/list [none]
[debug] [2024-03-31T19:28:39.254Z] <<< [apiv2][status] GET https://us.gcr.io/v2/csc190-w/gcf/us-central1/tags/list 404
[debug] [2024-03-31T19:28:39.254Z] <<< [apiv2][body] GET https://us.gcr.io/v2/csc190-w/gcf/us-central1/tags/list {"errors":[{"code":"NAME_UNKNOWN","message":"Repository \"us.gcr.io\" not found"}]}
[debug] [2024-03-31T19:28:39.255Z] Failed docker command with error  HTTP Error: 404, Not Found {"name":"FirebaseError","children":[],"context":{"body":{"errors":[{"code":"NAME_UNKNOWN","message":"Repository \"us.gcr.io\" not found"}],"error":{"message":"Not Found"}},"response":{"statusCode":404}},"exit":1,"message":"HTTP Error: 404, Not Found","status":404}
[debug] [2024-03-31T19:28:39.361Z] >>> [apiv2][query] GET https://us.gcr.io/v2/csc190-w/gcf/us-central1/tags/list [none]
[debug] [2024-03-31T19:28:39.406Z] <<< [apiv2][status] GET https://artifactregistry.googleapis.com/v1beta2/projects/csc190-w/locations/us-central1/operations/b28438a4-d559-476f-9f17-4bbac50e3a2c 200
[debug] [2024-03-31T19:28:39.407Z] <<< [apiv2][body] GET https://artifactregistry.googleapis.com/v1beta2/projects/csc190-w/locations/us-central1/operations/b28438a4-d559-476f-9f17-4bbac50e3a2c {"name":"projects/csc190-w/locations/us-central1/operations/b28438a4-d559-476f-9f17-4bbac50e3a2c","metadata":{"@type":"type.googleapis.com/google.devtools.artifactregistry.v1beta2.OperationMetadata"},"done":true,"response":{"@type":"type.googleapis.com/google.protobuf.Empty"}}
[debug] [2024-03-31T19:28:39.522Z] <<< [apiv2][status] GET https://us.gcr.io/v2/csc190-w/gcf/us-central1/tags/list 404
[debug] [2024-03-31T19:28:39.523Z] <<< [apiv2][body] GET https://us.gcr.io/v2/csc190-w/gcf/us-central1/tags/list {"errors":[{"code":"NAME_UNKNOWN","message":"Repository \"us.gcr.io\" not found"}]}
[debug] [2024-03-31T19:28:39.524Z] Failed docker command with error  HTTP Error: 404, Not Found {"name":"FirebaseError","children":[],"context":{"body":{"errors":[{"code":"NAME_UNKNOWN","message":"Repository \"us.gcr.io\" not found"}],"error":{"message":"Not Found"}},"response":{"statusCode":404}},"exit":1,"message":"HTTP Error: 404, Not Found","status":404}
[warn] !  functions: Unhandled error cleaning up build images. This could result in a small monthly bill if not corrected. You can attempt to delete these images by redeploying or you can delete them manually at https://console.cloud.google.com/gcr/images/csc190-w/us/gcf 
[info] 
[info] +  Deploy complete! 
[info] 
[info] Project Console: https://console.firebase.google.com/project/csc190-w/overview
