[debug] [2024-04-15T06:05:55.561Z] ----------------------------------------------------------------------
[debug] [2024-04-15T06:05:55.563Z] Command:       C:\Program Files\nodejs\node.exe C:\Users\Tel\AppData\Roaming\npm\node_modules\firebase-tools\lib\bin\firebase.js serve
[debug] [2024-04-15T06:05:55.563Z] CLI Version:   13.7.2
[debug] [2024-04-15T06:05:55.563Z] Platform:      win32
[debug] [2024-04-15T06:05:55.563Z] Node Version:  v19.6.0
[debug] [2024-04-15T06:05:55.563Z] Time:          Sun Apr 14 2024 23:05:55 GMT-0700 (Pacific Daylight Time)
[debug] [2024-04-15T06:05:55.563Z] ----------------------------------------------------------------------
[debug] 
[debug] [2024-04-15T06:05:55.619Z] > command requires scopes: ["email","openid","https://www.googleapis.com/auth/cloudplatformprojects.readonly","https://www.googleapis.com/auth/firebase","https://www.googleapis.com/auth/cloud-platform"]
[debug] [2024-04-15T06:05:55.619Z] > authorizing via signed-in user (achouhan0114@gmail.com)
[debug] [2024-04-15T06:05:55.619Z] [iam] checking project csc190-w for permissions ["firebase.projects.get"]
[debug] [2024-04-15T06:05:55.620Z] >>> [apiv2][query] POST https://cloudresourcemanager.googleapis.com/v1/projects/csc190-w:testIamPermissions [none]
[debug] [2024-04-15T06:05:55.620Z] >>> [apiv2][(partial)header] POST https://cloudresourcemanager.googleapis.com/v1/projects/csc190-w:testIamPermissions x-goog-quota-user=projects/csc190-w
[debug] [2024-04-15T06:05:55.621Z] >>> [apiv2][body] POST https://cloudresourcemanager.googleapis.com/v1/projects/csc190-w:testIamPermissions {"permissions":["firebase.projects.get"]}
[debug] [2024-04-15T06:05:55.839Z] <<< [apiv2][status] POST https://cloudresourcemanager.googleapis.com/v1/projects/csc190-w:testIamPermissions 200
[debug] [2024-04-15T06:05:55.840Z] <<< [apiv2][body] POST https://cloudresourcemanager.googleapis.com/v1/projects/csc190-w:testIamPermissions {"permissions":["firebase.projects.get"]}
[debug] [2024-04-15T06:05:55.840Z] >>> [apiv2][query] GET https://firebase.googleapis.com/v1beta1/projects/csc190-w [none]
[debug] [2024-04-15T06:05:56.173Z] <<< [apiv2][status] GET https://firebase.googleapis.com/v1beta1/projects/csc190-w 200
[debug] [2024-04-15T06:05:56.173Z] <<< [apiv2][body] GET https://firebase.googleapis.com/v1beta1/projects/csc190-w {"projectId":"csc190-w","projectNumber":"59153071763","displayName":"CSC190-Website","name":"projects/csc190-w","resources":{"hostingSite":"csc190-w","realtimeDatabaseInstance":"csc190-w-default-rtdb","storageBucket":"csc190-w.appspot.com","locationId":"us-central"},"state":"ACTIVE","etag":"1_69d89083-7839-48d4-9288-d3ee88f30270"}
[info] 
[info] === Serving from 'C:\Users\Tel\CSC190_Website'...
[info] 
[debug] [2024-04-15T06:05:56.177Z] defaultcredentials: writing to file C:\Users\Tel\AppData\Roaming\firebase\achouhan0114_gmail_com_application_default_credentials.json
[debug] [2024-04-15T06:05:56.177Z] >>> [apiv2][query] GET https://firebasehosting.googleapis.com/v1beta1/projects/csc190-w/sites 
[debug] [2024-04-15T06:05:56.179Z] Setting GAC to C:\Users\Tel\AppData\Roaming\firebase\achouhan0114_gmail_com_application_default_credentials.json {"metadata":{"emulator":{"name":"functions"},"message":"Setting GAC to C:\\Users\\Tel\\AppData\\Roaming\\firebase\\achouhan0114_gmail_com_application_default_credentials.json"}}
[debug] [2024-04-15T06:05:56.179Z] >>> [apiv2][query] GET https://firebase.googleapis.com/v1beta1/projects/csc190-w/adminSdkConfig [none]
[debug] [2024-04-15T06:05:56.572Z] <<< [apiv2][status] GET https://firebase.googleapis.com/v1beta1/projects/csc190-w/adminSdkConfig 200
[debug] [2024-04-15T06:05:56.572Z] <<< [apiv2][body] GET https://firebase.googleapis.com/v1beta1/projects/csc190-w/adminSdkConfig {"projectId":"csc190-w","databaseURL":"https://csc190-w-default-rtdb.firebaseio.com","storageBucket":"csc190-w.appspot.com","locationId":"us-central"}
[debug] [2024-04-15T06:05:56.704Z] <<< [apiv2][status] GET https://firebasehosting.googleapis.com/v1beta1/projects/csc190-w/sites 200
[debug] [2024-04-15T06:05:56.705Z] <<< [apiv2][body] GET https://firebasehosting.googleapis.com/v1beta1/projects/csc190-w/sites {"sites":[{"name":"projects/csc190-w/sites/csc190-w","defaultUrl":"https://csc190-w.web.app","appId":"1:59153071763:web:dbb5fd713ef03b6353d766","type":"DEFAULT_SITE"}]}
[debug] [2024-04-15T06:05:56.705Z] >>> [apiv2][query] GET https://firebase.googleapis.com/v1beta1/projects/csc190-w/webApps/1:59153071763:web:dbb5fd713ef03b6353d766/config [none]
[debug] [2024-04-15T06:05:57.096Z] <<< [apiv2][status] GET https://firebase.googleapis.com/v1beta1/projects/csc190-w/webApps/1:59153071763:web:dbb5fd713ef03b6353d766/config 200
[debug] [2024-04-15T06:05:57.096Z] <<< [apiv2][body] GET https://firebase.googleapis.com/v1beta1/projects/csc190-w/webApps/1:59153071763:web:dbb5fd713ef03b6353d766/config {"projectId":"csc190-w","appId":"1:59153071763:web:dbb5fd713ef03b6353d766","databaseURL":"https://csc190-w-default-rtdb.firebaseio.com","storageBucket":"csc190-w.appspot.com","locationId":"us-central","apiKey":"AIzaSyDTmAvGOetZpKVXBDQyOG18Y8YfVOVPV3M","authDomain":"csc190-w.firebaseapp.com","messagingSenderId":"59153071763","measurementId":"G-KYZHBDYFBR"}
[debug] [2024-04-15T06:05:57.099Z] >>> [apiv2][query] GET https://firebase.googleapis.com/v1beta1/projects/csc190-w [none]
[debug] [2024-04-15T06:05:57.387Z] <<< [apiv2][status] GET https://firebase.googleapis.com/v1beta1/projects/csc190-w 200
[debug] [2024-04-15T06:05:57.387Z] <<< [apiv2][body] GET https://firebase.googleapis.com/v1beta1/projects/csc190-w {"projectId":"csc190-w","projectNumber":"59153071763","displayName":"CSC190-Website","name":"projects/csc190-w","resources":{"hostingSite":"csc190-w","realtimeDatabaseInstance":"csc190-w-default-rtdb","storageBucket":"csc190-w.appspot.com","locationId":"us-central"},"state":"ACTIVE","etag":"1_69d89083-7839-48d4-9288-d3ee88f30270"}
[info] i  functions: Watching "C:\Users\Tel\CSC190_Website\functions" for Cloud Functions... {"metadata":{"emulator":{"name":"functions"},"message":"Watching \"C:\\Users\\Tel\\CSC190_Website\\functions\" for Cloud Functions..."}}
[info] i  hosting[csc190-w]: Serving hosting files from: build {"metadata":{"emulator":{"name":"hosting"},"message":"Serving hosting files from: \u001b[1mbuild\u001b[22m"}}
[info] +  hosting[csc190-w]: Local server: http://localhost:5000 {"metadata":{"emulator":{"name":"hosting"},"message":"Local server: \u001b[4m\u001b[1mhttp://localhost:5000\u001b[22m\u001b[24m"}}
[debug] [2024-04-15T06:05:57.397Z] Validating nodejs source
[warn] !  functions: package.json indicates an outdated version of firebase-functions. Please upgrade using npm install --save firebase-functions@latest in your functions directory. 
[debug] [2024-04-15T06:05:58.221Z] > [functions] package.json contents: {
  "name": "functions",
  "description": "Cloud Functions for Firebase",
  "scripts": {
    "serve": "firebase emulators:start --only functions",
    "shell": "firebase functions:shell",
    "start": "npm run shell",
    "deploy": "firebase deploy --only functions",
    "logs": "firebase functions:log"
  },
  "engines": {
    "node": "18"
  },
  "main": "index.js",
  "dependencies": {
    "ejs": "^3.1.9",
    "firebase-admin": "^11.8.0",
    "firebase-functions": "^4.3.1",
    "axios": "^1.6.8",
    "nodemailer": "^6.9.13",
    "stripe": "^14.15.0"
  },
  "devDependencies": {
    "firebase-functions-test": "^3.1.0"
  },
  "private": true
}
[debug] [2024-04-15T06:05:58.221Z] Building nodejs source
[debug] [2024-04-15T06:05:58.221Z] Failed to find version of module node: reached end of search path C:\Users\Tel\CSC190_Website\functions\node_modules
[warn] !  functions: Your requested "node" version "18" doesn't match your global version "19". Using node@19 from host. 
[debug] [2024-04-15T06:05:58.223Z] Could not find functions.yaml. Must use http discovery
[debug] [2024-04-15T06:05:58.226Z] Found firebase-functions binary at 'C:\Users\Tel\CSC190_Website\functions\node_modules\.bin\firebase-functions'
[info] Serving at port 8971

[debug] [2024-04-15T06:05:58.504Z] Got response from /__/functions.yaml {"endpoints":{"handleStripeWebhook":{"platform":"gcfv1","availableMemoryMb":null,"timeoutSeconds":null,"minInstances":null,"maxInstances":null,"ingressSettings":null,"serviceAccountEmail":null,"vpc":null,"httpsTrigger":{},"entryPoint":"handleStripeWebhook"}},"specVersion":"v1alpha1","requiredAPIs":[]}
[info] +  functions: Loaded functions definitions from source: handleStripeWebhook. {"metadata":{"emulator":{"name":"functions"},"message":"Loaded functions definitions from source: handleStripeWebhook."}}
[info] +  functions[us-central1-handleStripeWebhook]: http function initialized (http://localhost:5001/csc190-w/us-central1/handleStripeWebhook). {"metadata":{"emulator":{"name":"functions"},"message":"\u001b[1mhttp\u001b[22m function initialized (http://localhost:5001/csc190-w/us-central1/handleStripeWebhook)."}}
[debug] [2024-04-15T06:06:46.156Z] ----------------------------------------------------------------------
[debug] [2024-04-15T06:06:46.157Z] Command:       C:\Program Files\nodejs\node.exe C:\Users\Tel\AppData\Roaming\npm\node_modules\firebase-tools\lib\bin\firebase.js serve
[debug] [2024-04-15T06:06:46.157Z] CLI Version:   13.7.2
[debug] [2024-04-15T06:06:46.157Z] Platform:      win32
[debug] [2024-04-15T06:06:46.157Z] Node Version:  v19.6.0
[debug] [2024-04-15T06:06:46.157Z] Time:          Sun Apr 14 2024 23:06:46 GMT-0700 (Pacific Daylight Time)
[debug] [2024-04-15T06:06:46.157Z] ----------------------------------------------------------------------
[debug] 
[debug] [2024-04-15T06:06:46.217Z] > command requires scopes: ["email","openid","https://www.googleapis.com/auth/cloudplatformprojects.readonly","https://www.googleapis.com/auth/firebase","https://www.googleapis.com/auth/cloud-platform"]
[debug] [2024-04-15T06:06:46.217Z] > authorizing via signed-in user (achouhan0114@gmail.com)
[debug] [2024-04-15T06:06:46.217Z] [iam] checking project csc190-w for permissions ["firebase.projects.get"]
[debug] [2024-04-15T06:06:46.218Z] >>> [apiv2][query] POST https://cloudresourcemanager.googleapis.com/v1/projects/csc190-w:testIamPermissions [none]
[debug] [2024-04-15T06:06:46.218Z] >>> [apiv2][(partial)header] POST https://cloudresourcemanager.googleapis.com/v1/projects/csc190-w:testIamPermissions x-goog-quota-user=projects/csc190-w
[debug] [2024-04-15T06:06:46.218Z] >>> [apiv2][body] POST https://cloudresourcemanager.googleapis.com/v1/projects/csc190-w:testIamPermissions {"permissions":["firebase.projects.get"]}
[debug] [2024-04-15T06:06:46.349Z] <<< [apiv2][status] POST https://cloudresourcemanager.googleapis.com/v1/projects/csc190-w:testIamPermissions 200
[debug] [2024-04-15T06:06:46.349Z] <<< [apiv2][body] POST https://cloudresourcemanager.googleapis.com/v1/projects/csc190-w:testIamPermissions {"permissions":["firebase.projects.get"]}
[debug] [2024-04-15T06:06:46.350Z] >>> [apiv2][query] GET https://firebase.googleapis.com/v1beta1/projects/csc190-w [none]
[debug] [2024-04-15T06:06:46.704Z] <<< [apiv2][status] GET https://firebase.googleapis.com/v1beta1/projects/csc190-w 200
[debug] [2024-04-15T06:06:46.704Z] <<< [apiv2][body] GET https://firebase.googleapis.com/v1beta1/projects/csc190-w {"projectId":"csc190-w","projectNumber":"59153071763","displayName":"CSC190-Website","name":"projects/csc190-w","resources":{"hostingSite":"csc190-w","realtimeDatabaseInstance":"csc190-w-default-rtdb","storageBucket":"csc190-w.appspot.com","locationId":"us-central"},"state":"ACTIVE","etag":"1_69d89083-7839-48d4-9288-d3ee88f30270"}
[info] 
[info] === Serving from 'C:\Users\Tel\CSC190_Website'...
[info] 
[debug] [2024-04-15T06:06:46.708Z] defaultcredentials: writing to file C:\Users\Tel\AppData\Roaming\firebase\achouhan0114_gmail_com_application_default_credentials.json
[debug] [2024-04-15T06:06:46.708Z] >>> [apiv2][query] GET https://firebasehosting.googleapis.com/v1beta1/projects/csc190-w/sites 
[debug] [2024-04-15T06:06:46.709Z] Setting GAC to C:\Users\Tel\AppData\Roaming\firebase\achouhan0114_gmail_com_application_default_credentials.json {"metadata":{"emulator":{"name":"functions"},"message":"Setting GAC to C:\\Users\\Tel\\AppData\\Roaming\\firebase\\achouhan0114_gmail_com_application_default_credentials.json"}}
[debug] [2024-04-15T06:06:46.710Z] >>> [apiv2][query] GET https://firebase.googleapis.com/v1beta1/projects/csc190-w/adminSdkConfig [none]
[debug] [2024-04-15T06:06:47.153Z] <<< [apiv2][status] GET https://firebase.googleapis.com/v1beta1/projects/csc190-w/adminSdkConfig 200
[debug] [2024-04-15T06:06:47.153Z] <<< [apiv2][body] GET https://firebase.googleapis.com/v1beta1/projects/csc190-w/adminSdkConfig {"projectId":"csc190-w","databaseURL":"https://csc190-w-default-rtdb.firebaseio.com","storageBucket":"csc190-w.appspot.com","locationId":"us-central"}
[debug] [2024-04-15T06:06:47.190Z] <<< [apiv2][status] GET https://firebasehosting.googleapis.com/v1beta1/projects/csc190-w/sites 200
[debug] [2024-04-15T06:06:47.190Z] <<< [apiv2][body] GET https://firebasehosting.googleapis.com/v1beta1/projects/csc190-w/sites {"sites":[{"name":"projects/csc190-w/sites/csc190-w","defaultUrl":"https://csc190-w.web.app","appId":"1:59153071763:web:dbb5fd713ef03b6353d766","type":"DEFAULT_SITE"}]}
[debug] [2024-04-15T06:06:47.190Z] >>> [apiv2][query] GET https://firebase.googleapis.com/v1beta1/projects/csc190-w/webApps/1:59153071763:web:dbb5fd713ef03b6353d766/config [none]
[debug] [2024-04-15T06:06:47.649Z] <<< [apiv2][status] GET https://firebase.googleapis.com/v1beta1/projects/csc190-w/webApps/1:59153071763:web:dbb5fd713ef03b6353d766/config 200
[debug] [2024-04-15T06:06:47.649Z] <<< [apiv2][body] GET https://firebase.googleapis.com/v1beta1/projects/csc190-w/webApps/1:59153071763:web:dbb5fd713ef03b6353d766/config {"projectId":"csc190-w","appId":"1:59153071763:web:dbb5fd713ef03b6353d766","databaseURL":"https://csc190-w-default-rtdb.firebaseio.com","storageBucket":"csc190-w.appspot.com","locationId":"us-central","apiKey":"AIzaSyDTmAvGOetZpKVXBDQyOG18Y8YfVOVPV3M","authDomain":"csc190-w.firebaseapp.com","messagingSenderId":"59153071763","measurementId":"G-KYZHBDYFBR"}
[debug] [2024-04-15T06:06:47.652Z] >>> [apiv2][query] GET https://firebase.googleapis.com/v1beta1/projects/csc190-w [none]
[debug] [2024-04-15T06:06:47.940Z] <<< [apiv2][status] GET https://firebase.googleapis.com/v1beta1/projects/csc190-w 200
[debug] [2024-04-15T06:06:47.941Z] <<< [apiv2][body] GET https://firebase.googleapis.com/v1beta1/projects/csc190-w {"projectId":"csc190-w","projectNumber":"59153071763","displayName":"CSC190-Website","name":"projects/csc190-w","resources":{"hostingSite":"csc190-w","realtimeDatabaseInstance":"csc190-w-default-rtdb","storageBucket":"csc190-w.appspot.com","locationId":"us-central"},"state":"ACTIVE","etag":"1_69d89083-7839-48d4-9288-d3ee88f30270"}
[info] i  functions: Watching "C:\Users\Tel\CSC190_Website\functions" for Cloud Functions... {"metadata":{"emulator":{"name":"functions"},"message":"Watching \"C:\\Users\\Tel\\CSC190_Website\\functions\" for Cloud Functions..."}}
[info] i  hosting[csc190-w]: Serving hosting files from: build {"metadata":{"emulator":{"name":"hosting"},"message":"Serving hosting files from: \u001b[1mbuild\u001b[22m"}}
[info] +  hosting[csc190-w]: Local server: http://localhost:5000 {"metadata":{"emulator":{"name":"hosting"},"message":"Local server: \u001b[4m\u001b[1mhttp://localhost:5000\u001b[22m\u001b[24m"}}
[debug] [2024-04-15T06:06:47.950Z] Validating nodejs source
[warn] !  functions: package.json indicates an outdated version of firebase-functions. Please upgrade using npm install --save firebase-functions@latest in your functions directory. 
[debug] [2024-04-15T06:06:48.842Z] > [functions] package.json contents: {
  "name": "functions",
  "description": "Cloud Functions for Firebase",
  "scripts": {
    "serve": "firebase emulators:start --only functions",
    "shell": "firebase functions:shell",
    "start": "npm run shell",
    "deploy": "firebase deploy --only functions",
    "logs": "firebase functions:log"
  },
  "engines": {
    "node": "18"
  },
  "main": "index.js",
  "dependencies": {
    "ejs": "^3.1.9",
    "firebase-admin": "^11.8.0",
    "firebase-functions": "^4.3.1",
    "axios": "^1.6.8",
    "nodemailer": "^6.9.13",
    "stripe": "^14.15.0"
  },
  "devDependencies": {
    "firebase-functions-test": "^3.1.0"
  },
  "private": true
}
[debug] [2024-04-15T06:06:48.842Z] Building nodejs source
[debug] [2024-04-15T06:06:48.843Z] Failed to find version of module node: reached end of search path C:\Users\Tel\CSC190_Website\functions\node_modules
[warn] !  functions: Your requested "node" version "18" doesn't match your global version "19". Using node@19 from host. 
[debug] [2024-04-15T06:06:48.844Z] Could not find functions.yaml. Must use http discovery
[debug] [2024-04-15T06:06:48.847Z] Found firebase-functions binary at 'C:\Users\Tel\CSC190_Website\functions\node_modules\.bin\firebase-functions'
[info] Serving at port 8821

[debug] [2024-04-15T06:06:49.127Z] Got response from /__/functions.yaml {"endpoints":{"handleStripeWebhook":{"platform":"gcfv1","availableMemoryMb":null,"timeoutSeconds":null,"minInstances":null,"maxInstances":null,"ingressSettings":null,"serviceAccountEmail":null,"vpc":null,"httpsTrigger":{},"entryPoint":"handleStripeWebhook"}},"specVersion":"v1alpha1","requiredAPIs":[]}
[info] +  functions: Loaded functions definitions from source: handleStripeWebhook. {"metadata":{"emulator":{"name":"functions"},"message":"Loaded functions definitions from source: handleStripeWebhook."}}
[info] +  functions[us-central1-handleStripeWebhook]: http function initialized (http://localhost:5001/csc190-w/us-central1/handleStripeWebhook). {"metadata":{"emulator":{"name":"functions"},"message":"\u001b[1mhttp\u001b[22m function initialized (http://localhost:5001/csc190-w/us-central1/handleStripeWebhook)."}}
